;  LST file generated by mikroListExporter - v.2.0 
; Date/Time: 12/06/2017 11:04:47
;----------------------------------------------

;Address Opcode 	ASM
0x0000	0xF003EF48  	GOTO        1680
_interrupt:
;Bluetooth_click.c,72 :: 		void interrupt(){
0x0008	0xF016C000  	MOVFF       R0, 22
0x000C	0xF015C001  	MOVFF       R1, 21
;Bluetooth_click.c,73 :: 		if (RCIF_bit == 1) {                          // Do we have uart rx interrupt request?
0x0010	0xF017CFE1  	MOVFF       FSR1L, 23
0x0014	0xF018CFE2  	MOVFF       FSR1H, 24
0x0018	0xAA9E      	BTFSS       RCIF_bit, BitPos(RCIF_bit+0) 
0x001A	0xD0B9      	BRA         L_interrupt0
;Bluetooth_click.c,74 :: 		tmp = UART1_Read();                          // Get received byte
0x001C	0xD997      	RCALL       _UART1_Read
0x001E	0xF0B3C000  	MOVFF       R0, _tmp
;Bluetooth_click.c,76 :: 		if (CMD_mode){
0x0022	0x0100      	MOVLB       0
0x0024	0x53C8      	MOVF        _CMD_mode, 1, 1
0x0026	0xB4D8      	BTFSC       STATUS, 2 
0x0028	0xD097      	BRA         L_interrupt1
;Bluetooth_click.c,93 :: 		switch (BT_state) {
0x002A	0xD073      	BRA         L_interrupt2
;Bluetooth_click.c,94 :: 		case  0: {
L_interrupt4:
;Bluetooth_click.c,95 :: 		response = 0;                   // Clear response
0x002C	0x6A27      	CLRF        _response 
;Bluetooth_click.c,96 :: 		if (tmp == 'C')                 // We have 'C', it could be CMD<cr><lf>  or CONN
0x002E	0x51B3      	MOVF        _tmp, 0, 1
0x0030	0x0A43      	XORLW       67
0x0032	0xE102      	BNZ         L_interrupt5
;Bluetooth_click.c,97 :: 		BT_state = 1;                 // Expecting 'M' or 'N'
0x0034	0x0E01      	MOVLW       1
0x0036	0x6FC7      	MOVWF       _BT_state, 1
L_interrupt5:
;Bluetooth_click.c,98 :: 		if (tmp == 'A')                 // We have 'A', it could be AOK<cr><lf>
0x0038	0x51B3      	MOVF        _tmp, 0, 1
0x003A	0x0A41      	XORLW       65
0x003C	0xE102      	BNZ         L_interrupt6
;Bluetooth_click.c,99 :: 		BT_state = 11;                // expecting 'O'
0x003E	0x0E0B      	MOVLW       11
0x0040	0x6FC7      	MOVWF       _BT_state, 1
L_interrupt6:
;Bluetooth_click.c,100 :: 		if (tmp == 'E')                 // We have 'E', it could be END<cr><lf>
0x0042	0x51B3      	MOVF        _tmp, 0, 1
0x0044	0x0A45      	XORLW       69
0x0046	0xE102      	BNZ         L_interrupt7
;Bluetooth_click.c,101 :: 		BT_state = 31;                // expecting 'N'
0x0048	0x0E1F      	MOVLW       31
0x004A	0x6FC7      	MOVWF       _BT_state, 1
L_interrupt7:
;Bluetooth_click.c,102 :: 		break;                          // ...
0x004C	0xD084      	BRA         L_interrupt3
;Bluetooth_click.c,105 :: 		case  1: {
L_interrupt8:
;Bluetooth_click.c,106 :: 		if (tmp == 'M')
0x004E	0x51B3      	MOVF        _tmp, 0, 1
0x0050	0x0A4D      	XORLW       77
0x0052	0xE103      	BNZ         L_interrupt9
;Bluetooth_click.c,107 :: 		BT_state = 2;
0x0054	0x0E02      	MOVLW       2
0x0056	0x6FC7      	MOVWF       _BT_state, 1
0x0058	0xD007      	BRA         L_interrupt10
L_interrupt9:
;Bluetooth_click.c,108 :: 		else if (tmp == 'O')
0x005A	0x51B3      	MOVF        _tmp, 0, 1
0x005C	0x0A4F      	XORLW       79
0x005E	0xE103      	BNZ         L_interrupt11
;Bluetooth_click.c,109 :: 		BT_state = 22;
0x0060	0x0E16      	MOVLW       22
0x0062	0x6FC7      	MOVWF       _BT_state, 1
0x0064	0xD001      	BRA         L_interrupt12
L_interrupt11:
;Bluetooth_click.c,111 :: 		BT_state = 0;
0x0066	0x6BC7      	CLRF        _BT_state, 1
L_interrupt12:
L_interrupt10:
;Bluetooth_click.c,112 :: 		break;
0x0068	0xD076      	BRA         L_interrupt3
;Bluetooth_click.c,115 :: 		case  2: {
L_interrupt13:
;Bluetooth_click.c,116 :: 		if (tmp == 'D') {
0x006A	0x51B3      	MOVF        _tmp, 0, 1
0x006C	0x0A44      	XORLW       68
0x006E	0xE105      	BNZ         L_interrupt14
;Bluetooth_click.c,117 :: 		response = BT_CMD;           // CMD
0x0070	0x0E01      	MOVLW       1
0x0072	0x6E27      	MOVWF       _response 
;Bluetooth_click.c,118 :: 		BT_state = 40;
0x0074	0x0E28      	MOVLW       40
0x0076	0x6FC7      	MOVWF       _BT_state, 1
;Bluetooth_click.c,119 :: 		}
0x0078	0xD001      	BRA         L_interrupt15
L_interrupt14:
;Bluetooth_click.c,121 :: 		BT_state = 0;
0x007A	0x6BC7      	CLRF        _BT_state, 1
L_interrupt15:
;Bluetooth_click.c,122 :: 		break;
0x007C	0xD06C      	BRA         L_interrupt3
;Bluetooth_click.c,125 :: 		case 11: {
L_interrupt16:
;Bluetooth_click.c,126 :: 		if (tmp == 'O')
0x007E	0x51B3      	MOVF        _tmp, 0, 1
0x0080	0x0A4F      	XORLW       79
0x0082	0xE103      	BNZ         L_interrupt17
;Bluetooth_click.c,127 :: 		BT_state = 12;
0x0084	0x0E0C      	MOVLW       12
0x0086	0x6FC7      	MOVWF       _BT_state, 1
0x0088	0xD001      	BRA         L_interrupt18
L_interrupt17:
;Bluetooth_click.c,129 :: 		BT_state = 0;
0x008A	0x6BC7      	CLRF        _BT_state, 1
L_interrupt18:
;Bluetooth_click.c,130 :: 		break;
0x008C	0xD064      	BRA         L_interrupt3
;Bluetooth_click.c,133 :: 		case 12: {
L_interrupt19:
;Bluetooth_click.c,134 :: 		if (tmp == 'K'){
0x008E	0x51B3      	MOVF        _tmp, 0, 1
0x0090	0x0A4B      	XORLW       75
0x0092	0xE105      	BNZ         L_interrupt20
;Bluetooth_click.c,135 :: 		response = BT_AOK;            // AOK
0x0094	0x0E02      	MOVLW       2
0x0096	0x6E27      	MOVWF       _response 
;Bluetooth_click.c,136 :: 		BT_state = 40;
0x0098	0x0E28      	MOVLW       40
0x009A	0x6FC7      	MOVWF       _BT_state, 1
;Bluetooth_click.c,137 :: 		}
0x009C	0xD001      	BRA         L_interrupt21
L_interrupt20:
;Bluetooth_click.c,139 :: 		BT_state = 0;
0x009E	0x6BC7      	CLRF        _BT_state, 1
L_interrupt21:
;Bluetooth_click.c,140 :: 		break;
0x00A0	0xD05A      	BRA         L_interrupt3
;Bluetooth_click.c,143 :: 		case 22: {
L_interrupt22:
;Bluetooth_click.c,144 :: 		if (tmp == 'N')
0x00A2	0x51B3      	MOVF        _tmp, 0, 1
0x00A4	0x0A4E      	XORLW       78
0x00A6	0xE103      	BNZ         L_interrupt23
;Bluetooth_click.c,145 :: 		BT_state = 23;
0x00A8	0x0E17      	MOVLW       23
0x00AA	0x6FC7      	MOVWF       _BT_state, 1
0x00AC	0xD001      	BRA         L_interrupt24
L_interrupt23:
;Bluetooth_click.c,147 :: 		BT_state = 0;
0x00AE	0x6BC7      	CLRF        _BT_state, 1
L_interrupt24:
;Bluetooth_click.c,148 :: 		break;
0x00B0	0xD052      	BRA         L_interrupt3
;Bluetooth_click.c,151 :: 		case 23: {
L_interrupt25:
;Bluetooth_click.c,152 :: 		if (tmp == 'N') {
0x00B2	0x51B3      	MOVF        _tmp, 0, 1
0x00B4	0x0A4E      	XORLW       78
0x00B6	0xE106      	BNZ         L_interrupt26
;Bluetooth_click.c,153 :: 		response = BT_CONN;           // SlaveCONNECTmikroE
0x00B8	0x0E03      	MOVLW       3
0x00BA	0x6E27      	MOVWF       _response 
;Bluetooth_click.c,154 :: 		response_rcvd = 1;
0x00BC	0x0E01      	MOVLW       1
0x00BE	0x6FC6      	MOVWF       _response_rcvd, 1
;Bluetooth_click.c,155 :: 		responseID = response;
0x00C0	0x0E03      	MOVLW       3
0x00C2	0x6FC9      	MOVWF       _responseID, 1
;Bluetooth_click.c,156 :: 		}
L_interrupt26:
;Bluetooth_click.c,157 :: 		BT_state = 0;
0x00C4	0x6BC7      	CLRF        _BT_state, 1
;Bluetooth_click.c,158 :: 		break;
0x00C6	0xD047      	BRA         L_interrupt3
;Bluetooth_click.c,161 :: 		case 31: {
L_interrupt27:
;Bluetooth_click.c,162 :: 		if (tmp == 'N')
0x00C8	0x51B3      	MOVF        _tmp, 0, 1
0x00CA	0x0A4E      	XORLW       78
0x00CC	0xE103      	BNZ         L_interrupt28
;Bluetooth_click.c,163 :: 		BT_state = 32;
0x00CE	0x0E20      	MOVLW       32
0x00D0	0x6FC7      	MOVWF       _BT_state, 1
0x00D2	0xD001      	BRA         L_interrupt29
L_interrupt28:
;Bluetooth_click.c,165 :: 		BT_state = 0;
0x00D4	0x6BC7      	CLRF        _BT_state, 1
L_interrupt29:
;Bluetooth_click.c,166 :: 		break;
0x00D6	0xD03F      	BRA         L_interrupt3
;Bluetooth_click.c,169 :: 		case 32: {
L_interrupt30:
;Bluetooth_click.c,170 :: 		if (tmp == 'D') {
0x00D8	0x51B3      	MOVF        _tmp, 0, 1
0x00DA	0x0A44      	XORLW       68
0x00DC	0xE105      	BNZ         L_interrupt31
;Bluetooth_click.c,171 :: 		response = BT_END;           // END
0x00DE	0x0E04      	MOVLW       4
0x00E0	0x6E27      	MOVWF       _response 
;Bluetooth_click.c,172 :: 		BT_state = 40;
0x00E2	0x0E28      	MOVLW       40
0x00E4	0x6FC7      	MOVWF       _BT_state, 1
;Bluetooth_click.c,173 :: 		}
0x00E6	0xD001      	BRA         L_interrupt32
L_interrupt31:
;Bluetooth_click.c,175 :: 		BT_state = 0;
0x00E8	0x6BC7      	CLRF        _BT_state, 1
L_interrupt32:
;Bluetooth_click.c,176 :: 		break;
0x00EA	0xD035      	BRA         L_interrupt3
;Bluetooth_click.c,179 :: 		case 40: {
L_interrupt33:
;Bluetooth_click.c,180 :: 		if (tmp == 13)
0x00EC	0x51B3      	MOVF        _tmp, 0, 1
0x00EE	0x0A0D      	XORLW       13
0x00F0	0xE103      	BNZ         L_interrupt34
;Bluetooth_click.c,181 :: 		BT_state = 41;
0x00F2	0x0E29      	MOVLW       41
0x00F4	0x6FC7      	MOVWF       _BT_state, 1
0x00F6	0xD001      	BRA         L_interrupt35
L_interrupt34:
;Bluetooth_click.c,183 :: 		BT_state = 0;
0x00F8	0x6BC7      	CLRF        _BT_state, 1
L_interrupt35:
;Bluetooth_click.c,184 :: 		break;
0x00FA	0xD02D      	BRA         L_interrupt3
;Bluetooth_click.c,187 :: 		case 41: {
L_interrupt36:
;Bluetooth_click.c,188 :: 		if (tmp == 10){
0x00FC	0x51B3      	MOVF        _tmp, 0, 1
0x00FE	0x0A0A      	XORLW       10
0x0100	0xE104      	BNZ         L_interrupt37
;Bluetooth_click.c,189 :: 		response_rcvd = 1;
0x0102	0x0E01      	MOVLW       1
0x0104	0x6FC6      	MOVWF       _response_rcvd, 1
;Bluetooth_click.c,190 :: 		responseID = response;
0x0106	0xF0C9C027  	MOVFF       _response, _responseID
;Bluetooth_click.c,191 :: 		}
L_interrupt37:
;Bluetooth_click.c,192 :: 		BT_state = 0;
0x010A	0x6BC7      	CLRF        _BT_state, 1
;Bluetooth_click.c,193 :: 		break;
0x010C	0xD024      	BRA         L_interrupt3
;Bluetooth_click.c,196 :: 		default: {
L_interrupt38:
;Bluetooth_click.c,197 :: 		BT_state = 0;
0x010E	0x6BC7      	CLRF        _BT_state, 1
;Bluetooth_click.c,198 :: 		break;
0x0110	0xD022      	BRA         L_interrupt3
;Bluetooth_click.c,200 :: 		}
L_interrupt2:
0x0112	0x51C7      	MOVF        _BT_state, 0, 1
0x0114	0x0A00      	XORLW       0
0x0116	0xE08A      	BZ          L_interrupt4
0x0118	0x51C7      	MOVF        _BT_state, 0, 1
0x011A	0x0A01      	XORLW       1
0x011C	0xE098      	BZ          L_interrupt8
0x011E	0x51C7      	MOVF        _BT_state, 0, 1
0x0120	0x0A02      	XORLW       2
0x0122	0xE0A3      	BZ          L_interrupt13
0x0124	0x51C7      	MOVF        _BT_state, 0, 1
0x0126	0x0A0B      	XORLW       11
0x0128	0xE0AA      	BZ          L_interrupt16
0x012A	0x51C7      	MOVF        _BT_state, 0, 1
0x012C	0x0A0C      	XORLW       12
0x012E	0xE0AF      	BZ          L_interrupt19
0x0130	0x51C7      	MOVF        _BT_state, 0, 1
0x0132	0x0A16      	XORLW       22
0x0134	0xE0B6      	BZ          L_interrupt22
0x0136	0x51C7      	MOVF        _BT_state, 0, 1
0x0138	0x0A17      	XORLW       23
0x013A	0xE0BB      	BZ          L_interrupt25
0x013C	0x51C7      	MOVF        _BT_state, 0, 1
0x013E	0x0A1F      	XORLW       31
0x0140	0xE0C3      	BZ          L_interrupt27
0x0142	0x51C7      	MOVF        _BT_state, 0, 1
0x0144	0x0A20      	XORLW       32
0x0146	0xE0C8      	BZ          L_interrupt30
0x0148	0x51C7      	MOVF        _BT_state, 0, 1
0x014A	0x0A28      	XORLW       40
0x014C	0xE0CF      	BZ          L_interrupt33
0x014E	0x51C7      	MOVF        _BT_state, 0, 1
0x0150	0x0A29      	XORLW       41
0x0152	0xE0D4      	BZ          L_interrupt36
0x0154	0xD7DC      	BRA         L_interrupt38
L_interrupt3:
;Bluetooth_click.c,201 :: 		}
0x0156	0xD01B      	BRA         L_interrupt39
L_interrupt1:
;Bluetooth_click.c,203 :: 		if (tmp == 13) {
0x0158	0x51B3      	MOVF        _tmp, 0, 1
0x015A	0x0A0D      	XORLW       13
0x015C	0xE10C      	BNZ         L_interrupt40
;Bluetooth_click.c,204 :: 		txt[i] = 0;                            // Puting 0 at the end of the string
0x015E	0x0EB5      	MOVLW       _txt
0x0160	0x6EE1      	MOVWF       FSR1L 
0x0162	0x0E00      	MOVLW       hi_addr(_txt)
0x0164	0x6EE2      	MOVWF       FSR1H 
0x0166	0x51C5      	MOVF        _i, 0, 1
0x0168	0x26E1      	ADDWF       FSR1L, 1 
0x016A	0xB0D8      	BTFSC       STATUS, 0 
0x016C	0x2AE2      	INCF        FSR1H, 1 
0x016E	0x6AE6      	CLRF        POSTINC1 
;Bluetooth_click.c,205 :: 		DataReady = 1;                         // Data is received
0x0170	0x0E01      	MOVLW       1
0x0172	0x6FB4      	MOVWF       _DataReady, 1
;Bluetooth_click.c,206 :: 		}
0x0174	0xD00B      	BRA         L_interrupt41
L_interrupt40:
;Bluetooth_click.c,208 :: 		txt[i] = tmp;                          // Moving the data received from UART to string txt[]
0x0176	0x0EB5      	MOVLW       _txt
0x0178	0x6EE1      	MOVWF       FSR1L 
0x017A	0x0E00      	MOVLW       hi_addr(_txt)
0x017C	0x6EE2      	MOVWF       FSR1H 
0x017E	0x51C5      	MOVF        _i, 0, 1
0x0180	0x26E1      	ADDWF       FSR1L, 1 
0x0182	0xB0D8      	BTFSC       STATUS, 0 
0x0184	0x2AE2      	INCF        FSR1H, 1 
0x0186	0xFFE6C0B3  	MOVFF       _tmp, POSTINC1
;Bluetooth_click.c,209 :: 		i++;                                   // Increment counter
0x018A	0x2BC5      	INCF        _i, 1, 1
;Bluetooth_click.c,210 :: 		}
L_interrupt41:
;Bluetooth_click.c,211 :: 		RCIF_bit = 0;                            // Disable UART RX interrupt
0x018C	0x9A9E      	BCF         RCIF_bit, BitPos(RCIF_bit+0) 
;Bluetooth_click.c,212 :: 		}
L_interrupt39:
;Bluetooth_click.c,213 :: 		}
L_interrupt0:
;Bluetooth_click.c,214 :: 		}
L_end_interrupt:
L__interrupt61:
0x018E	0xF000C016  	MOVFF       22, R0
0x0192	0xF001C015  	MOVFF       21, R1
0x0196	0xFFE1C017  	MOVFF       23, FSR1L
0x019A	0xFFE2C018  	MOVFF       24, FSR1H
0x019E	0x0011      	RETFIE      1
; end of _interrupt
_Delay_50us:
;__Lib_Delays.c,19 :: 		void Delay_50us() {
;__Lib_Delays.c,20 :: 		Delay_us(50);
0x01A0	0x0E85      	MOVLW       133
0x01A2	0x6E0D      	MOVWF       R13, 0
L_Delay_50us3:
0x01A4	0x2E0D      	DECFSZ      R13, 1, 0
0x01A6	0xD7FE      	BRA         L_Delay_50us3
;__Lib_Delays.c,21 :: 		}
L_end_Delay_50us:
0x01A8	0x0012      	RETURN      0
; end of _Delay_50us
_Delay_5500us:
;__Lib_Delays.c,31 :: 		void Delay_5500us() {
;__Lib_Delays.c,32 :: 		Delay_us(5500);
0x01AA	0x0E3A      	MOVLW       58
0x01AC	0x6E0C      	MOVWF       R12, 0
0x01AE	0x0E23      	MOVLW       35
0x01B0	0x6E0D      	MOVWF       R13, 0
L_Delay_5500us6:
0x01B2	0x2E0D      	DECFSZ      R13, 1, 0
0x01B4	0xD7FE      	BRA         L_Delay_5500us6
0x01B6	0x2E0C      	DECFSZ      R12, 1, 0
0x01B8	0xD7FC      	BRA         L_Delay_5500us6
;__Lib_Delays.c,33 :: 		}
L_end_Delay_5500us:
0x01BA	0x0012      	RETURN      0
; end of _Delay_5500us
_Delay_1us:
;__Lib_Delays.c,7 :: 		void Delay_1us() {
;__Lib_Delays.c,8 :: 		Delay_us(1);
0x01BC	0x0E02      	MOVLW       2
0x01BE	0x6E0D      	MOVWF       R13, 0
L_Delay_1us0:
0x01C0	0x2E0D      	DECFSZ      R13, 1, 0
0x01C2	0xD7FE      	BRA         L_Delay_1us0
0x01C4	0x0000      	NOP
;__Lib_Delays.c,9 :: 		}
L_end_Delay_1us:
0x01C6	0x0012      	RETURN      0
; end of _Delay_1us
_Lcd_Cmd:
;__Lib_Lcd.c,18 :: 		
;__Lib_Lcd.c,20 :: 		
0x01C8	0x0100      	MOVLB       0
0x01CA	0xBFE6      	BTFSC       FARG_Lcd_Cmd_out_char, 7, 1
0x01CC	0xD002      	BRA         L__Lcd_Cmd21
0x01CE	0x968A      	BCF         LCD_D7, BitPos(LCD_D7+0) 
0x01D0	0xD001      	BRA         L__Lcd_Cmd22
L__Lcd_Cmd21:
0x01D2	0x868A      	BSF         LCD_D7, BitPos(LCD_D7+0) 
L__Lcd_Cmd22:
;__Lib_Lcd.c,21 :: 		
0x01D4	0xBDE6      	BTFSC       FARG_Lcd_Cmd_out_char, 6, 1
0x01D6	0xD002      	BRA         L__Lcd_Cmd23
0x01D8	0x948A      	BCF         LCD_D6, BitPos(LCD_D6+0) 
0x01DA	0xD001      	BRA         L__Lcd_Cmd24
L__Lcd_Cmd23:
0x01DC	0x848A      	BSF         LCD_D6, BitPos(LCD_D6+0) 
L__Lcd_Cmd24:
;__Lib_Lcd.c,22 :: 		
0x01DE	0xBBE6      	BTFSC       FARG_Lcd_Cmd_out_char, 5, 1
0x01E0	0xD002      	BRA         L__Lcd_Cmd25
0x01E2	0x928A      	BCF         LCD_D5, BitPos(LCD_D5+0) 
0x01E4	0xD001      	BRA         L__Lcd_Cmd26
L__Lcd_Cmd25:
0x01E6	0x828A      	BSF         LCD_D5, BitPos(LCD_D5+0) 
L__Lcd_Cmd26:
;__Lib_Lcd.c,23 :: 		
0x01E8	0xB9E6      	BTFSC       FARG_Lcd_Cmd_out_char, 4, 1
0x01EA	0xD002      	BRA         L__Lcd_Cmd27
0x01EC	0x908A      	BCF         LCD_D4, BitPos(LCD_D4+0) 
0x01EE	0xD001      	BRA         L__Lcd_Cmd28
L__Lcd_Cmd27:
0x01F0	0x808A      	BSF         LCD_D4, BitPos(LCD_D4+0) 
L__Lcd_Cmd28:
;__Lib_Lcd.c,25 :: 		
0x01F2	0xB1CA      	BTFSC       __Lib_Lcd_cmd_status, BitPos(__Lib_Lcd_cmd_status+0), 1
0x01F4	0xD002      	BRA         L__Lcd_Cmd29
0x01F6	0x888A      	BSF         LCD_RS, BitPos(LCD_RS+0) 
0x01F8	0xD001      	BRA         L__Lcd_Cmd30
L__Lcd_Cmd29:
0x01FA	0x988A      	BCF         LCD_RS, BitPos(LCD_RS+0) 
L__Lcd_Cmd30:
;__Lib_Lcd.c,28 :: 		
0x01FC	0x8A8A      	BSF         LCD_EN, BitPos(LCD_EN+0) 
;__Lib_Lcd.c,29 :: 		
0x01FE	0xDFDE      	RCALL       _Delay_1us
;__Lib_Lcd.c,30 :: 		
0x0200	0x9A8A      	BCF         LCD_EN, BitPos(LCD_EN+0) 
;__Lib_Lcd.c,33 :: 		
0x0202	0xB7E6      	BTFSC       FARG_Lcd_Cmd_out_char, 3, 1
0x0204	0xD002      	BRA         L__Lcd_Cmd31
0x0206	0x968A      	BCF         LCD_D7, BitPos(LCD_D7+0) 
0x0208	0xD001      	BRA         L__Lcd_Cmd32
L__Lcd_Cmd31:
0x020A	0x868A      	BSF         LCD_D7, BitPos(LCD_D7+0) 
L__Lcd_Cmd32:
;__Lib_Lcd.c,34 :: 		
0x020C	0xB5E6      	BTFSC       FARG_Lcd_Cmd_out_char, 2, 1
0x020E	0xD002      	BRA         L__Lcd_Cmd33
0x0210	0x948A      	BCF         LCD_D6, BitPos(LCD_D6+0) 
0x0212	0xD001      	BRA         L__Lcd_Cmd34
L__Lcd_Cmd33:
0x0214	0x848A      	BSF         LCD_D6, BitPos(LCD_D6+0) 
L__Lcd_Cmd34:
;__Lib_Lcd.c,35 :: 		
0x0216	0xB3E6      	BTFSC       FARG_Lcd_Cmd_out_char, 1, 1
0x0218	0xD002      	BRA         L__Lcd_Cmd35
0x021A	0x928A      	BCF         LCD_D5, BitPos(LCD_D5+0) 
0x021C	0xD001      	BRA         L__Lcd_Cmd36
L__Lcd_Cmd35:
0x021E	0x828A      	BSF         LCD_D5, BitPos(LCD_D5+0) 
L__Lcd_Cmd36:
;__Lib_Lcd.c,36 :: 		
0x0220	0xB1E6      	BTFSC       FARG_Lcd_Cmd_out_char, 0, 1
0x0222	0xD002      	BRA         L__Lcd_Cmd37
0x0224	0x908A      	BCF         LCD_D4, BitPos(LCD_D4+0) 
0x0226	0xD001      	BRA         L__Lcd_Cmd38
L__Lcd_Cmd37:
0x0228	0x808A      	BSF         LCD_D4, BitPos(LCD_D4+0) 
L__Lcd_Cmd38:
;__Lib_Lcd.c,38 :: 		
0x022A	0xB1CA      	BTFSC       __Lib_Lcd_cmd_status, BitPos(__Lib_Lcd_cmd_status+0), 1
0x022C	0xD002      	BRA         L__Lcd_Cmd39
0x022E	0x888A      	BSF         LCD_RS, BitPos(LCD_RS+0) 
0x0230	0xD001      	BRA         L__Lcd_Cmd40
L__Lcd_Cmd39:
0x0232	0x988A      	BCF         LCD_RS, BitPos(LCD_RS+0) 
L__Lcd_Cmd40:
;__Lib_Lcd.c,40 :: 		
0x0234	0x8A8A      	BSF         LCD_EN, BitPos(LCD_EN+0) 
;__Lib_Lcd.c,41 :: 		
0x0236	0xDFC2      	RCALL       _Delay_1us
;__Lib_Lcd.c,42 :: 		
0x0238	0x9A8A      	BCF         LCD_EN, BitPos(LCD_EN+0) 
;__Lib_Lcd.c,44 :: 		
0x023A	0xA1CA      	BTFSS       __Lib_Lcd_cmd_status, BitPos(__Lib_Lcd_cmd_status+0), 1
0x023C	0xD002      	BRA         L_Lcd_Cmd0
;__Lib_Lcd.c,45 :: 		
0x023E	0xDFB5      	RCALL       _Delay_5500us
0x0240	0xD001      	BRA         L_Lcd_Cmd1
L_Lcd_Cmd0:
;__Lib_Lcd.c,47 :: 		
0x0242	0xDFAE      	RCALL       _Delay_50us
L_Lcd_Cmd1:
;__Lib_Lcd.c,48 :: 		
L_end_Lcd_Cmd:
0x0244	0x0012      	RETURN      0
; end of _Lcd_Cmd
_UART1_Write:
;__Lib_UART_c67d67.c,63 :: 		
;__Lib_UART_c67d67.c,64 :: 		
L_UART1_Write3:
0x0246	0xB2AC      	BTFSC       TXSTA, 1 
0x0248	0xD002      	BRA         L_UART1_Write4
;__Lib_UART_c67d67.c,65 :: 		
0x024A	0x0000      	NOP
0x024C	0xD7FC      	BRA         L_UART1_Write3
L_UART1_Write4:
;__Lib_UART_c67d67.c,66 :: 		
0x024E	0xFFADC0E6  	MOVFF       FARG_UART1_Write_data_, TXREG
;__Lib_UART_c67d67.c,67 :: 		
L_end_UART1_Write:
0x0252	0x0012      	RETURN      0
; end of _UART1_Write
_memset:
;__Lib_CString.c,84 :: 		
;__Lib_CString.c,87 :: 		
0x0254	0xF002C0E1  	MOVFF       FARG_memset_p1, R2
0x0258	0xF003C0E2  	MOVFF       FARG_memset_p1+1, R3
;__Lib_CString.c,88 :: 		
L_memset20:
0x025C	0xF000C0E4  	MOVFF       FARG_memset_n, R0
0x0260	0xF001C0E5  	MOVFF       FARG_memset_n+1, R1
0x0264	0x0E01      	MOVLW       1
0x0266	0x0100      	MOVLB       0
0x0268	0x5FE4      	SUBWF       FARG_memset_n, 1, 1
0x026A	0x0E00      	MOVLW       0
0x026C	0x5BE5      	SUBWFB      FARG_memset_n+1, 1, 1
0x026E	0x5000      	MOVF        R0, 0 
0x0270	0x1001      	IORWF       R1, 0 
0x0272	0xE009      	BZ          L_memset21
;__Lib_CString.c,89 :: 		
0x0274	0xFFE1C002  	MOVFF       R2, FSR1L
0x0278	0xFFE2C003  	MOVFF       R3, FSR1H
0x027C	0xFFE6C0E3  	MOVFF       FARG_memset_character, POSTINC1
0x0280	0x4A02      	INFSNZ      R2, 1 
0x0282	0x2A03      	INCF        R3, 1 
0x0284	0xD7EB      	BRA         L_memset20
L_memset21:
;__Lib_CString.c,90 :: 		
0x0286	0xF000C0E1  	MOVFF       FARG_memset_p1, R0
0x028A	0xF001C0E2  	MOVFF       FARG_memset_p1+1, R1
;__Lib_CString.c,91 :: 		
L_end_memset:
0x028E	0x0012      	RETURN      0
; end of _memset
_UART1_Write_Text:
;__Lib_UART_c67d67.c,71 :: 		
;__Lib_UART_c67d67.c,72 :: 		
0x0290	0x0100      	MOVLB       0
0x0292	0x6BE4      	CLRF        UART1_Write_Text_counter_L0, 1
;__Lib_UART_c67d67.c,74 :: 		
0x0294	0xFFE9C0E1  	MOVFF       FARG_UART1_Write_Text_uart_text, FSR0L
0x0298	0xFFEAC0E2  	MOVFF       FARG_UART1_Write_Text_uart_text+1, FSR0H
0x029C	0xF0E3CFEE  	MOVFF       POSTINC0, UART1_Write_Text_data__L0
;__Lib_UART_c67d67.c,75 :: 		
L_UART1_Write_Text5:
0x02A0	0x51E3      	MOVF        UART1_Write_Text_data__L0, 0, 1
0x02A2	0x0A00      	XORLW       0
0x02A4	0xE00E      	BZ          L_UART1_Write_Text6
;__Lib_UART_c67d67.c,76 :: 		
0x02A6	0xF0E6C0E3  	MOVFF       UART1_Write_Text_data__L0, FARG_UART1_Write_data_
0x02AA	0xDFCD      	RCALL       _UART1_Write
;__Lib_UART_c67d67.c,77 :: 		
0x02AC	0x0100      	MOVLB       0
0x02AE	0x2BE4      	INCF        UART1_Write_Text_counter_L0, 1, 1
;__Lib_UART_c67d67.c,78 :: 		
0x02B0	0x51E4      	MOVF        UART1_Write_Text_counter_L0, 0, 1
0x02B2	0x25E1      	ADDWF       FARG_UART1_Write_Text_uart_text, 0, 1
0x02B4	0x6EE9      	MOVWF       FSR0L 
0x02B6	0x0E00      	MOVLW       0
0x02B8	0x21E2      	ADDWFC      FARG_UART1_Write_Text_uart_text+1, 0, 1
0x02BA	0x6EEA      	MOVWF       FSR0H 
0x02BC	0xF0E3CFEE  	MOVFF       POSTINC0, UART1_Write_Text_data__L0
;__Lib_UART_c67d67.c,79 :: 		
0x02C0	0xD7EF      	BRA         L_UART1_Write_Text5
L_UART1_Write_Text6:
;__Lib_UART_c67d67.c,80 :: 		
L_end_UART1_Write_Text:
0x02C2	0x0012      	RETURN      0
; end of _UART1_Write_Text
_Lcd_Chr_CP:
;__Lib_Lcd.c,50 :: 		
;__Lib_Lcd.c,52 :: 		
0x02C4	0x0100      	MOVLB       0
0x02C6	0x91CA      	BCF         __Lib_Lcd_cmd_status, BitPos(__Lib_Lcd_cmd_status+0), 1
;__Lib_Lcd.c,53 :: 		
0x02C8	0xF0E6C0E1  	MOVFF       FARG_Lcd_Chr_CP_out_char, FARG_Lcd_Cmd_out_char
0x02CC	0xDF7D      	RCALL       _Lcd_Cmd
;__Lib_Lcd.c,54 :: 		
0x02CE	0x81CA      	BSF         __Lib_Lcd_cmd_status, BitPos(__Lib_Lcd_cmd_status+0), 1
;__Lib_Lcd.c,55 :: 		
L_end_Lcd_Chr_CP:
0x02D0	0x0012      	RETURN      0
; end of _Lcd_Chr_CP
_BT_Get_Response:
;Bluetooth_click.c,217 :: 		char BT_Get_Response() {
;Bluetooth_click.c,218 :: 		if (response_rcvd) {
0x02D2	0x0100      	MOVLB       0
0x02D4	0x53C6      	MOVF        _response_rcvd, 1, 1
0x02D6	0xE004      	BZ          L_BT_Get_Response42
;Bluetooth_click.c,219 :: 		response_rcvd = 0;
0x02D8	0x6BC6      	CLRF        _response_rcvd, 1
;Bluetooth_click.c,220 :: 		return responseID;
0x02DA	0xF000C0C9  	MOVFF       _responseID, R0
0x02DE	0xD001      	BRA         L_end_BT_Get_Response
;Bluetooth_click.c,221 :: 		}
L_BT_Get_Response42:
;Bluetooth_click.c,223 :: 		return 0;
0x02E0	0x6A00      	CLRF        R0 
;Bluetooth_click.c,224 :: 		}
L_end_BT_Get_Response:
0x02E2	0x0012      	RETURN      0
; end of _BT_Get_Response
___CC2DW:
;__Lib_System.c,21 :: 		
;__Lib_System.c,23 :: 		
_CC2DL_Loop1:
;__Lib_System.c,24 :: 		
0x02E4	0x0009      	TBLRD*+
;__Lib_System.c,25 :: 		
0x02E6	0xFFE6CFF5  	MOVFF       TABLAT, POSTINC1
;__Lib_System.c,26 :: 		
0x02EA	0x0600      	DECF        R0, 1, 0
;__Lib_System.c,27 :: 		
0x02EC	0xE1FB      	BNZ         _CC2DL_Loop1
;__Lib_System.c,28 :: 		
0x02EE	0x0601      	DECF        R1, 1, 0
;__Lib_System.c,29 :: 		
0x02F0	0xE1F9      	BNZ         _CC2DL_Loop1
;__Lib_System.c,31 :: 		
L_end___CC2DW:
0x02F2	0x0012      	RETURN      0
; end of ___CC2DW
_UART1_Init:
;__Lib_UART_c67d67.c,20 :: 		
;__Lib_UART_c67d67.c,23 :: 		
0x02F4	0x0E46      	MOVLW       _UART1_Write
0x02F6	0x0100      	MOVLB       0
0x02F8	0x6FCB      	MOVWF       _UART_Wr_Ptr, 1
0x02FA	0x0E02      	MOVLW       hi_addr(_UART1_Write)
0x02FC	0x6FCC      	MOVWF       _UART_Wr_Ptr+1, 1
0x02FE	0x0EE6      	MOVLW       FARG_UART1_Write_data_
0x0300	0x6FCD      	MOVWF       _UART_Wr_Ptr+2, 1
0x0302	0x0E00      	MOVLW       hi_addr(FARG_UART1_Write_data_)
0x0304	0x6FCE      	MOVWF       _UART_Wr_Ptr+3, 1
;__Lib_UART_c67d67.c,24 :: 		
0x0306	0x0E4C      	MOVLW       _UART1_Read
0x0308	0x6FD7      	MOVWF       _UART_Rd_Ptr, 1
0x030A	0x0E03      	MOVLW       hi_addr(_UART1_Read)
0x030C	0x6FD8      	MOVWF       _UART_Rd_Ptr+1, 1
0x030E	0x0E00      	MOVLW       0
0x0310	0x6FD9      	MOVWF       _UART_Rd_Ptr+2, 1
0x0312	0x0E00      	MOVLW       0
0x0314	0x6FDA      	MOVWF       _UART_Rd_Ptr+3, 1
;__Lib_UART_c67d67.c,25 :: 		
0x0316	0x0EFF      	MOVLW       _UART1_Data_Ready
0x0318	0x6FD3      	MOVWF       _UART_Rdy_Ptr, 1
0x031A	0x0EFF      	MOVLW       hi_addr(_UART1_Data_Ready)
0x031C	0x6FD4      	MOVWF       _UART_Rdy_Ptr+1, 1
0x031E	0x0E00      	MOVLW       0
0x0320	0x6FD5      	MOVWF       _UART_Rdy_Ptr+2, 1
0x0322	0x0E00      	MOVLW       0
0x0324	0x6FD6      	MOVWF       _UART_Rdy_Ptr+3, 1
;__Lib_UART_c67d67.c,26 :: 		
0x0326	0x0EFF      	MOVLW       _UART1_Tx_Idle
0x0328	0x6FCF      	MOVWF       _UART_Tx_Idle_Ptr, 1
0x032A	0x0EFF      	MOVLW       hi_addr(_UART1_Tx_Idle)
0x032C	0x6FD0      	MOVWF       _UART_Tx_Idle_Ptr+1, 1
0x032E	0x0E00      	MOVLW       0
0x0330	0x6FD1      	MOVWF       _UART_Tx_Idle_Ptr+2, 1
0x0332	0x0E00      	MOVLW       0
0x0334	0x6FD2      	MOVWF       _UART_Tx_Idle_Ptr+3, 1
;__Lib_UART_c67d67.c,28 :: 		
0x0336	0x8AAC      	BSF         TXSTA, 5 
;__Lib_UART_c67d67.c,29 :: 		
0x0338	0x0E90      	MOVLW       144
0x033A	0x6EAB      	MOVWF       RCSTA 
;__Lib_UART_c67d67.c,30 :: 		
0x033C	0x8E94      	BSF         TRISC7_bit, BitPos(TRISC7_bit+0) 
;__Lib_UART_c67d67.c,31 :: 		
0x033E	0x9C94      	BCF         TRISC6_bit, BitPos(TRISC6_bit+0) 
;__Lib_UART_c67d67.c,33 :: 		
L_UART1_Init0:
0x0340	0xAA9E      	BTFSS       PIR1, 5 
0x0342	0xD003      	BRA         L_UART1_Init1
;__Lib_UART_c67d67.c,34 :: 		
0x0344	0xF000CFAE  	MOVFF       RCREG, R0
0x0348	0xD7FB      	BRA         L_UART1_Init0
L_UART1_Init1:
;__Lib_UART_c67d67.c,35 :: 		
L_end_UART1_Init:
0x034A	0x0012      	RETURN      0
; end of _UART1_Init
_UART1_Read:
;__Lib_UART_c67d67.c,44 :: 		
;__Lib_UART_c67d67.c,47 :: 		
0x034C	0xF001CFAE  	MOVFF       RCREG, R1
;__Lib_UART_c67d67.c,48 :: 		
0x0350	0xA2AB      	BTFSS       RCSTA, 1 
0x0352	0xD002      	BRA         L_UART1_Read2
;__Lib_UART_c67d67.c,49 :: 		
0x0354	0x98AB      	BCF         RCSTA, 4 
;__Lib_UART_c67d67.c,50 :: 		
0x0356	0x88AB      	BSF         RCSTA, 4 
;__Lib_UART_c67d67.c,51 :: 		
L_UART1_Read2:
;__Lib_UART_c67d67.c,52 :: 		
0x0358	0xF000C001  	MOVFF       R1, R0
;__Lib_UART_c67d67.c,53 :: 		
L_end_UART1_Read:
0x035C	0x0012      	RETURN      0
; end of _UART1_Read
_Lcd_Init:
;__Lib_Lcd.c,84 :: 		
;__Lib_Lcd.c,86 :: 		
0x035E	0x9A93      	BCF         LCD_EN_Direction, BitPos(LCD_EN_Direction+0) 
;__Lib_Lcd.c,87 :: 		
0x0360	0x9893      	BCF         LCD_RS_Direction, BitPos(LCD_RS_Direction+0) 
;__Lib_Lcd.c,88 :: 		
0x0362	0x9093      	BCF         LCD_D4_Direction, BitPos(LCD_D4_Direction+0) 
;__Lib_Lcd.c,89 :: 		
0x0364	0x9293      	BCF         LCD_D5_Direction, BitPos(LCD_D5_Direction+0) 
;__Lib_Lcd.c,90 :: 		
0x0366	0x9493      	BCF         LCD_D6_Direction, BitPos(LCD_D6_Direction+0) 
;__Lib_Lcd.c,91 :: 		
0x0368	0x9693      	BCF         LCD_D7_Direction, BitPos(LCD_D7_Direction+0) 
;__Lib_Lcd.c,93 :: 		
0x036A	0x9A8A      	BCF         LCD_EN, BitPos(LCD_EN+0) 
;__Lib_Lcd.c,94 :: 		
0x036C	0x988A      	BCF         LCD_RS, BitPos(LCD_RS+0) 
;__Lib_Lcd.c,95 :: 		
0x036E	0x968A      	BCF         LCD_D7, BitPos(LCD_D7+0) 
;__Lib_Lcd.c,96 :: 		
0x0370	0x948A      	BCF         LCD_D6, BitPos(LCD_D6+0) 
;__Lib_Lcd.c,97 :: 		
0x0372	0x928A      	BCF         LCD_D5, BitPos(LCD_D5+0) 
;__Lib_Lcd.c,98 :: 		
0x0374	0x908A      	BCF         LCD_D4, BitPos(LCD_D4+0) 
;__Lib_Lcd.c,100 :: 		
0x0376	0xDF19      	RCALL       _Delay_5500us
;__Lib_Lcd.c,101 :: 		
0x0378	0xDF18      	RCALL       _Delay_5500us
;__Lib_Lcd.c,102 :: 		
0x037A	0xDF17      	RCALL       _Delay_5500us
;__Lib_Lcd.c,105 :: 		
0x037C	0x828A      	BSF         LCD_D5, BitPos(LCD_D5+0) 
;__Lib_Lcd.c,106 :: 		
0x037E	0x808A      	BSF         LCD_D4, BitPos(LCD_D4+0) 
;__Lib_Lcd.c,107 :: 		
0x0380	0x8A8A      	BSF         LCD_EN, BitPos(LCD_EN+0) 
;__Lib_Lcd.c,108 :: 		
0x0382	0xDF1C      	RCALL       _Delay_1us
;__Lib_Lcd.c,109 :: 		
0x0384	0x9A8A      	BCF         LCD_EN, BitPos(LCD_EN+0) 
;__Lib_Lcd.c,110 :: 		
0x0386	0xDF11      	RCALL       _Delay_5500us
;__Lib_Lcd.c,112 :: 		
0x0388	0x8A8A      	BSF         LCD_EN, BitPos(LCD_EN+0) 
;__Lib_Lcd.c,113 :: 		
0x038A	0xDF18      	RCALL       _Delay_1us
;__Lib_Lcd.c,114 :: 		
0x038C	0x9A8A      	BCF         LCD_EN, BitPos(LCD_EN+0) 
;__Lib_Lcd.c,115 :: 		
0x038E	0xDF0D      	RCALL       _Delay_5500us
;__Lib_Lcd.c,117 :: 		
0x0390	0x8A8A      	BSF         LCD_EN, BitPos(LCD_EN+0) 
;__Lib_Lcd.c,118 :: 		
0x0392	0xDF14      	RCALL       _Delay_1us
;__Lib_Lcd.c,119 :: 		
0x0394	0x9A8A      	BCF         LCD_EN, BitPos(LCD_EN+0) 
;__Lib_Lcd.c,120 :: 		
0x0396	0xDF09      	RCALL       _Delay_5500us
;__Lib_Lcd.c,123 :: 		
0x0398	0x908A      	BCF         LCD_D4, BitPos(LCD_D4+0) 
;__Lib_Lcd.c,124 :: 		
0x039A	0x8A8A      	BSF         LCD_EN, BitPos(LCD_EN+0) 
;__Lib_Lcd.c,125 :: 		
0x039C	0xDF0F      	RCALL       _Delay_1us
;__Lib_Lcd.c,126 :: 		
0x039E	0x9A8A      	BCF         LCD_EN, BitPos(LCD_EN+0) 
;__Lib_Lcd.c,127 :: 		
0x03A0	0xDF04      	RCALL       _Delay_5500us
;__Lib_Lcd.c,130 :: 		
0x03A2	0x8A8A      	BSF         LCD_EN, BitPos(LCD_EN+0) 
;__Lib_Lcd.c,131 :: 		
0x03A4	0xDF0B      	RCALL       _Delay_1us
;__Lib_Lcd.c,132 :: 		
0x03A6	0x9A8A      	BCF         LCD_EN, BitPos(LCD_EN+0) 
;__Lib_Lcd.c,134 :: 		
0x03A8	0x928A      	BCF         LCD_D5, BitPos(LCD_D5+0) 
;__Lib_Lcd.c,135 :: 		
0x03AA	0x868A      	BSF         LCD_D7, BitPos(LCD_D7+0) 
;__Lib_Lcd.c,136 :: 		
0x03AC	0x8A8A      	BSF         LCD_EN, BitPos(LCD_EN+0) 
;__Lib_Lcd.c,137 :: 		
0x03AE	0xDF06      	RCALL       _Delay_1us
;__Lib_Lcd.c,138 :: 		
0x03B0	0x9A8A      	BCF         LCD_EN, BitPos(LCD_EN+0) 
;__Lib_Lcd.c,139 :: 		
0x03B2	0xDEFB      	RCALL       _Delay_5500us
;__Lib_Lcd.c,142 :: 		
0x03B4	0x968A      	BCF         LCD_D7, BitPos(LCD_D7+0) 
;__Lib_Lcd.c,143 :: 		
0x03B6	0x808A      	BSF         LCD_D4, BitPos(LCD_D4+0) 
;__Lib_Lcd.c,144 :: 		
0x03B8	0x8A8A      	BSF         LCD_EN, BitPos(LCD_EN+0) 
;__Lib_Lcd.c,145 :: 		
0x03BA	0xDF00      	RCALL       _Delay_1us
;__Lib_Lcd.c,146 :: 		
0x03BC	0x9A8A      	BCF         LCD_EN, BitPos(LCD_EN+0) 
;__Lib_Lcd.c,148 :: 		
0x03BE	0x908A      	BCF         LCD_D4, BitPos(LCD_D4+0) 
;__Lib_Lcd.c,149 :: 		
0x03C0	0x8A8A      	BSF         LCD_EN, BitPos(LCD_EN+0) 
;__Lib_Lcd.c,150 :: 		
0x03C2	0xDEFC      	RCALL       _Delay_1us
;__Lib_Lcd.c,151 :: 		
0x03C4	0x9A8A      	BCF         LCD_EN, BitPos(LCD_EN+0) 
;__Lib_Lcd.c,152 :: 		
0x03C6	0xDEF1      	RCALL       _Delay_5500us
;__Lib_Lcd.c,155 :: 		
0x03C8	0x8A8A      	BSF         LCD_EN, BitPos(LCD_EN+0) 
;__Lib_Lcd.c,156 :: 		
0x03CA	0xDEF8      	RCALL       _Delay_1us
;__Lib_Lcd.c,157 :: 		
0x03CC	0x9A8A      	BCF         LCD_EN, BitPos(LCD_EN+0) 
;__Lib_Lcd.c,159 :: 		
0x03CE	0x808A      	BSF         LCD_D4, BitPos(LCD_D4+0) 
;__Lib_Lcd.c,160 :: 		
0x03D0	0x8A8A      	BSF         LCD_EN, BitPos(LCD_EN+0) 
;__Lib_Lcd.c,161 :: 		
0x03D2	0xDEF4      	RCALL       _Delay_1us
;__Lib_Lcd.c,162 :: 		
0x03D4	0x9A8A      	BCF         LCD_EN, BitPos(LCD_EN+0) 
;__Lib_Lcd.c,163 :: 		
0x03D6	0xDEE9      	RCALL       _Delay_5500us
;__Lib_Lcd.c,166 :: 		
0x03D8	0x908A      	BCF         LCD_D4, BitPos(LCD_D4+0) 
;__Lib_Lcd.c,167 :: 		
0x03DA	0x8A8A      	BSF         LCD_EN, BitPos(LCD_EN+0) 
;__Lib_Lcd.c,168 :: 		
0x03DC	0xDEEF      	RCALL       _Delay_1us
;__Lib_Lcd.c,169 :: 		
0x03DE	0x9A8A      	BCF         LCD_EN, BitPos(LCD_EN+0) 
;__Lib_Lcd.c,171 :: 		
0x03E0	0x868A      	BSF         LCD_D7, BitPos(LCD_D7+0) 
;__Lib_Lcd.c,172 :: 		
0x03E2	0x848A      	BSF         LCD_D6, BitPos(LCD_D6+0) 
;__Lib_Lcd.c,173 :: 		
0x03E4	0x828A      	BSF         LCD_D5, BitPos(LCD_D5+0) 
;__Lib_Lcd.c,174 :: 		
0x03E6	0x808A      	BSF         LCD_D4, BitPos(LCD_D4+0) 
;__Lib_Lcd.c,175 :: 		
0x03E8	0x8A8A      	BSF         LCD_EN, BitPos(LCD_EN+0) 
;__Lib_Lcd.c,176 :: 		
0x03EA	0xDEE8      	RCALL       _Delay_1us
;__Lib_Lcd.c,177 :: 		
0x03EC	0x9A8A      	BCF         LCD_EN, BitPos(LCD_EN+0) 
;__Lib_Lcd.c,179 :: 		
0x03EE	0xDEDD      	RCALL       _Delay_5500us
;__Lib_Lcd.c,181 :: 		
0x03F0	0x0100      	MOVLB       0
0x03F2	0x81CA      	BSF         __Lib_Lcd_cmd_status, BitPos(__Lib_Lcd_cmd_status+0), 1
;__Lib_Lcd.c,182 :: 		
L_end_Lcd_Init:
0x03F4	0x0012      	RETURN      0
; end of _Lcd_Init
_memcmp:
;__Lib_CString.c,30 :: 		
;__Lib_CString.c,31 :: 		
L_memcmp4:
0x03F6	0xF001C0DF  	MOVFF       FARG_memcmp_n, R1
0x03FA	0xF002C0E0  	MOVFF       FARG_memcmp_n+1, R2
0x03FE	0x0E01      	MOVLW       1
0x0400	0x0100      	MOVLB       0
0x0402	0x5FDF      	SUBWF       FARG_memcmp_n, 1, 1
0x0404	0x0E00      	MOVLW       0
0x0406	0x5BE0      	SUBWFB      FARG_memcmp_n+1, 1, 1
0x0408	0x0E00      	MOVLW       0
0x040A	0x1802      	XORWF       R2, 0 
0x040C	0xE102      	BNZ         L__memcmp89
0x040E	0x0E00      	MOVLW       0
0x0410	0x1801      	XORWF       R1, 0 
L__memcmp89:
0x0412	0xE01F      	BZ          L_memcmp5
;__Lib_CString.c,32 :: 		
0x0414	0xFFE9C0DB  	MOVFF       FARG_memcmp_s1, FSR0L
0x0418	0xFFEAC0DC  	MOVFF       FARG_memcmp_s1+1, FSR0H
0x041C	0xFFD9C0DD  	MOVFF       FARG_memcmp_s2, FSR2L
0x0420	0xFFDAC0DE  	MOVFF       FARG_memcmp_s2+1, FSR2H
0x0424	0x50EE      	MOVF        POSTINC0, 0 
0x0426	0x18DE      	XORWF       POSTINC2, 0 
0x0428	0xE00F      	BZ          L_memcmp6
;__Lib_CString.c,33 :: 		
0x042A	0xFFE9C0DB  	MOVFF       FARG_memcmp_s1, FSR0L
0x042E	0xFFEAC0DC  	MOVFF       FARG_memcmp_s1+1, FSR0H
0x0432	0xFFD9C0DD  	MOVFF       FARG_memcmp_s2, FSR2L
0x0436	0xFFDAC0DE  	MOVFF       FARG_memcmp_s2+1, FSR2H
0x043A	0x50DE      	MOVF        POSTINC2, 0 
0x043C	0x5CEE      	SUBWF       POSTINC0, 0 
0x043E	0x6E00      	MOVWF       R0 
0x0440	0x6A01      	CLRF        R1 
0x0442	0x0E00      	MOVLW       0
0x0444	0x5A01      	SUBWFB      R1, 1 
0x0446	0xD007      	BRA         L_end_memcmp
L_memcmp6:
;__Lib_CString.c,37 :: 		
0x0448	0x4BDB      	INFSNZ      FARG_memcmp_s1, 1, 1
0x044A	0x2BDC      	INCF        FARG_memcmp_s1+1, 1, 1
;__Lib_CString.c,38 :: 		
0x044C	0x4BDD      	INFSNZ      FARG_memcmp_s2, 1, 1
0x044E	0x2BDE      	INCF        FARG_memcmp_s2+1, 1, 1
;__Lib_CString.c,39 :: 		
0x0450	0xD7D2      	BRA         L_memcmp4
L_memcmp5:
;__Lib_CString.c,40 :: 		
0x0452	0x6A00      	CLRF        R0 
0x0454	0x6A01      	CLRF        R1 
;__Lib_CString.c,41 :: 		
L_end_memcmp:
0x0456	0x0012      	RETURN      0
; end of _memcmp
_portD_handle:
;Bluetooth_click.c,226 :: 		void portD_handle(){
;Bluetooth_click.c,228 :: 		ANSELD = 0;
0x0458	0x010F      	MOVLB       15
0x045A	0x6B3B      	CLRF        ANSELD, 1
;Bluetooth_click.c,229 :: 		TRISD = 0;
0x045C	0x6A95      	CLRF        TRISD 
;Bluetooth_click.c,230 :: 		LATD = 0xFF;
0x045E	0x0EFF      	MOVLW       255
0x0460	0x6E8C      	MOVWF       LATD 
;Bluetooth_click.c,232 :: 		while (1) {
L_portD_handle44:
;Bluetooth_click.c,233 :: 		i = 0;                      // Initialize counter
0x0462	0x0100      	MOVLB       0
0x0464	0x6BC5      	CLRF        _i, 1
;Bluetooth_click.c,235 :: 		memset(txt, 0, 16);         // Clear array of chars
0x0466	0x0EB5      	MOVLW       _txt
0x0468	0x6FE1      	MOVWF       FARG_memset_p1, 1
0x046A	0x0E00      	MOVLW       hi_addr(_txt)
0x046C	0x6FE2      	MOVWF       FARG_memset_p1+1, 1
0x046E	0x6BE3      	CLRF        FARG_memset_character, 1
0x0470	0x0E10      	MOVLW       16
0x0472	0x6FE4      	MOVWF       FARG_memset_n, 1
0x0474	0x0E00      	MOVLW       0
0x0476	0x6FE5      	MOVWF       FARG_memset_n+1, 1
0x0478	0xDEED      	RCALL       _memset
;Bluetooth_click.c,236 :: 		GIE_bit = 1;                // Interrupts allowed
0x047A	0x8EF2      	BSF         GIE_bit, BitPos(GIE_bit+0) 
;Bluetooth_click.c,238 :: 		while (!DataReady);          // Wait while the data is received
L_portD_handle46:
0x047C	0x53B4      	MOVF        _DataReady, 1, 1
0x047E	0xE101      	BNZ         L_portD_handle47
0x0480	0xD7FD      	BRA         L_portD_handle46
L_portD_handle47:
;Bluetooth_click.c,240 :: 		GIE_bit  = 0;               // Interrupts forbiden
0x0482	0x9EF2      	BCF         GIE_bit, BitPos(GIE_bit+0) 
;Bluetooth_click.c,241 :: 		DataReady = 0;              // Data not received
0x0484	0x6BB4      	CLRF        _DataReady, 1
;Bluetooth_click.c,243 :: 		LATD = 0x00;
0x0486	0x6A8C      	CLRF        LATD 
;Bluetooth_click.c,245 :: 		}
0x0488	0xD7EC      	BRA         L_portD_handle44
;Bluetooth_click.c,248 :: 		}
L_end_portD_handle:
0x048A	0x0012      	RETURN      0
; end of _portD_handle
_Lcd_Out:
;__Lib_Lcd.c,184 :: 		
;__Lib_Lcd.c,187 :: 		
0x048C	0xD010      	BRA         L_Lcd_Out11
;__Lib_Lcd.c,188 :: 		
L_Lcd_Out13:
0x048E	0x0E80      	MOVLW       128
0x0490	0x0100      	MOVLB       0
0x0492	0x6FDB      	MOVWF       FARG_Lcd_Out_row, 1
0x0494	0xD01A      	BRA         L_Lcd_Out12
;__Lib_Lcd.c,189 :: 		
L_Lcd_Out14:
0x0496	0x0EC0      	MOVLW       192
0x0498	0x6FDB      	MOVWF       FARG_Lcd_Out_row, 1
0x049A	0xD017      	BRA         L_Lcd_Out12
;__Lib_Lcd.c,190 :: 		
L_Lcd_Out15:
0x049C	0x0E94      	MOVLW       148
0x049E	0x6FDB      	MOVWF       FARG_Lcd_Out_row, 1
0x04A0	0xD014      	BRA         L_Lcd_Out12
;__Lib_Lcd.c,191 :: 		
L_Lcd_Out16:
0x04A2	0x0ED4      	MOVLW       212
0x04A4	0x6FDB      	MOVWF       FARG_Lcd_Out_row, 1
0x04A6	0xD011      	BRA         L_Lcd_Out12
;__Lib_Lcd.c,192 :: 		
L_Lcd_Out17:
0x04A8	0x0E80      	MOVLW       128
0x04AA	0x6FDB      	MOVWF       FARG_Lcd_Out_row, 1
;__Lib_Lcd.c,193 :: 		
0x04AC	0xD00E      	BRA         L_Lcd_Out12
L_Lcd_Out11:
0x04AE	0x0100      	MOVLB       0
0x04B0	0x51DB      	MOVF        FARG_Lcd_Out_row, 0, 1
0x04B2	0x0A01      	XORLW       1
0x04B4	0xE0EC      	BZ          L_Lcd_Out13
0x04B6	0x51DB      	MOVF        FARG_Lcd_Out_row, 0, 1
0x04B8	0x0A02      	XORLW       2
0x04BA	0xE0ED      	BZ          L_Lcd_Out14
0x04BC	0x51DB      	MOVF        FARG_Lcd_Out_row, 0, 1
0x04BE	0x0A03      	XORLW       3
0x04C0	0xE0ED      	BZ          L_Lcd_Out15
0x04C2	0x51DB      	MOVF        FARG_Lcd_Out_row, 0, 1
0x04C4	0x0A04      	XORLW       4
0x04C6	0xE0ED      	BZ          L_Lcd_Out16
0x04C8	0xD7EF      	BRA         L_Lcd_Out17
L_Lcd_Out12:
;__Lib_Lcd.c,194 :: 		
0x04CA	0x05DC      	DECF        FARG_Lcd_Out_column, 0, 1
0x04CC	0x6E00      	MOVWF       R0 
0x04CE	0x51DB      	MOVF        FARG_Lcd_Out_row, 0, 1
0x04D0	0x2600      	ADDWF       R0, 1 
0x04D2	0xF0DBC000  	MOVFF       R0, FARG_Lcd_Out_row
;__Lib_Lcd.c,196 :: 		
0x04D6	0xF0E6C000  	MOVFF       R0, FARG_Lcd_Cmd_out_char
0x04DA	0xDE76      	RCALL       _Lcd_Cmd
;__Lib_Lcd.c,197 :: 		
0x04DC	0x91CA      	BCF         __Lib_Lcd_cmd_status, BitPos(__Lib_Lcd_cmd_status+0), 1
;__Lib_Lcd.c,198 :: 		
0x04DE	0x6BDF      	CLRF        Lcd_Out_i_L0, 1
;__Lib_Lcd.c,199 :: 		
L_Lcd_Out18:
0x04E0	0x51DF      	MOVF        Lcd_Out_i_L0, 0, 1
0x04E2	0x25DD      	ADDWF       FARG_Lcd_Out_text, 0, 1
0x04E4	0x6EE9      	MOVWF       FSR0L 
0x04E6	0x0E00      	MOVLW       0
0x04E8	0x21DE      	ADDWFC      FARG_Lcd_Out_text+1, 0, 1
0x04EA	0x6EEA      	MOVWF       FSR0H 
0x04EC	0x52EE      	MOVF        POSTINC0, 1 
0x04EE	0xE00B      	BZ          L_Lcd_Out19
;__Lib_Lcd.c,200 :: 		
0x04F0	0x51DF      	MOVF        Lcd_Out_i_L0, 0, 1
0x04F2	0x25DD      	ADDWF       FARG_Lcd_Out_text, 0, 1
0x04F4	0x6EE9      	MOVWF       FSR0L 
0x04F6	0x0E00      	MOVLW       0
0x04F8	0x21DE      	ADDWFC      FARG_Lcd_Out_text+1, 0, 1
0x04FA	0x6EEA      	MOVWF       FSR0H 
0x04FC	0xF0E1CFEE  	MOVFF       POSTINC0, FARG_Lcd_Chr_CP_out_char
0x0500	0xDEE1      	RCALL       _Lcd_Chr_CP
0x0502	0x2BDF      	INCF        Lcd_Out_i_L0, 1, 1
0x0504	0xD7ED      	BRA         L_Lcd_Out18
L_Lcd_Out19:
;__Lib_Lcd.c,201 :: 		
0x0506	0x81CA      	BSF         __Lib_Lcd_cmd_status, BitPos(__Lib_Lcd_cmd_status+0), 1
;__Lib_Lcd.c,202 :: 		
L_end_Lcd_Out:
0x0508	0x0012      	RETURN      0
; end of _Lcd_Out
_BT_Configure:
;BT_Routines.c,9 :: 		void  BT_Configure() {
;BT_Routines.c,11 :: 		do {
L_BT_Configure0:
;BT_Routines.c,12 :: 		UART1_Write_Text("$$$");                  // Enter command mode
0x050A	0x0E76      	MOVLW       ?lstr1_BT_Routines
0x050C	0x0100      	MOVLB       0
0x050E	0x6FE1      	MOVWF       FARG_UART1_Write_Text_uart_text, 1
0x0510	0x0E00      	MOVLW       hi_addr(?lstr1_BT_Routines)
0x0512	0x6FE2      	MOVWF       FARG_UART1_Write_Text_uart_text+1, 1
0x0514	0xDEBD      	RCALL       _UART1_Write_Text
;BT_Routines.c,13 :: 		Delay_ms(500);
0x0516	0x0E15      	MOVLW       21
0x0518	0x6E0B      	MOVWF       R11, 0
0x051A	0x0E4B      	MOVLW       75
0x051C	0x6E0C      	MOVWF       R12, 0
0x051E	0x0EBE      	MOVLW       190
0x0520	0x6E0D      	MOVWF       R13, 0
L_BT_Configure3:
0x0522	0x2E0D      	DECFSZ      R13, 1, 0
0x0524	0xD7FE      	BRA         L_BT_Configure3
0x0526	0x2E0C      	DECFSZ      R12, 1, 0
0x0528	0xD7FC      	BRA         L_BT_Configure3
0x052A	0x2E0B      	DECFSZ      R11, 1, 0
0x052C	0xD7FA      	BRA         L_BT_Configure3
0x052E	0x0000      	NOP
;BT_Routines.c,14 :: 		} while (BT_Get_Response() != BT_CMD);
0x0530	0xDED0      	RCALL       _BT_Get_Response
0x0532	0x0E00      	MOVLW       0
0x0534	0x0A00      	XORLW       0
0x0536	0xE102      	BNZ         L__BT_Configure29
0x0538	0x0E01      	MOVLW       1
0x053A	0x1800      	XORWF       R0, 0 
L__BT_Configure29:
0x053C	0xE1E6      	BNZ         L_BT_Configure0
;BT_Routines.c,16 :: 		do {
L_BT_Configure4:
;BT_Routines.c,17 :: 		UART1_Write_Text("SN,BlueTooth-Click");   // Name of device
0x053E	0x0E8D      	MOVLW       ?lstr2_BT_Routines
0x0540	0x6FE1      	MOVWF       FARG_UART1_Write_Text_uart_text, 1
0x0542	0x0E00      	MOVLW       hi_addr(?lstr2_BT_Routines)
0x0544	0x6FE2      	MOVWF       FARG_UART1_Write_Text_uart_text+1, 1
0x0546	0xDEA4      	RCALL       _UART1_Write_Text
;BT_Routines.c,18 :: 		UART1_Write(13);                          // CR
0x0548	0x0E0D      	MOVLW       13
0x054A	0x6FE6      	MOVWF       FARG_UART1_Write_data_, 1
0x054C	0xDE7C      	RCALL       _UART1_Write
;BT_Routines.c,19 :: 		Delay_ms(500);
0x054E	0x0E15      	MOVLW       21
0x0550	0x6E0B      	MOVWF       R11, 0
0x0552	0x0E4B      	MOVLW       75
0x0554	0x6E0C      	MOVWF       R12, 0
0x0556	0x0EBE      	MOVLW       190
0x0558	0x6E0D      	MOVWF       R13, 0
L_BT_Configure7:
0x055A	0x2E0D      	DECFSZ      R13, 1, 0
0x055C	0xD7FE      	BRA         L_BT_Configure7
0x055E	0x2E0C      	DECFSZ      R12, 1, 0
0x0560	0xD7FC      	BRA         L_BT_Configure7
0x0562	0x2E0B      	DECFSZ      R11, 1, 0
0x0564	0xD7FA      	BRA         L_BT_Configure7
0x0566	0x0000      	NOP
;BT_Routines.c,20 :: 		} while (BT_Get_Response() != BT_AOK);
0x0568	0xDEB4      	RCALL       _BT_Get_Response
0x056A	0x0E00      	MOVLW       0
0x056C	0x0A00      	XORLW       0
0x056E	0xE102      	BNZ         L__BT_Configure30
0x0570	0x0E02      	MOVLW       2
0x0572	0x1800      	XORWF       R0, 0 
L__BT_Configure30:
0x0574	0xE1E4      	BNZ         L_BT_Configure4
;BT_Routines.c,22 :: 		do {
L_BT_Configure8:
;BT_Routines.c,23 :: 		UART1_Write_Text("SO,Slave");             // Extended status string
0x0576	0x0EAA      	MOVLW       ?lstr3_BT_Routines
0x0578	0x6FE1      	MOVWF       FARG_UART1_Write_Text_uart_text, 1
0x057A	0x0E00      	MOVLW       hi_addr(?lstr3_BT_Routines)
0x057C	0x6FE2      	MOVWF       FARG_UART1_Write_Text_uart_text+1, 1
0x057E	0xDE88      	RCALL       _UART1_Write_Text
;BT_Routines.c,24 :: 		UART1_Write(13);                          // CR
0x0580	0x0E0D      	MOVLW       13
0x0582	0x6FE6      	MOVWF       FARG_UART1_Write_data_, 1
0x0584	0xDE60      	RCALL       _UART1_Write
;BT_Routines.c,25 :: 		Delay_ms(500);
0x0586	0x0E15      	MOVLW       21
0x0588	0x6E0B      	MOVWF       R11, 0
0x058A	0x0E4B      	MOVLW       75
0x058C	0x6E0C      	MOVWF       R12, 0
0x058E	0x0EBE      	MOVLW       190
0x0590	0x6E0D      	MOVWF       R13, 0
L_BT_Configure11:
0x0592	0x2E0D      	DECFSZ      R13, 1, 0
0x0594	0xD7FE      	BRA         L_BT_Configure11
0x0596	0x2E0C      	DECFSZ      R12, 1, 0
0x0598	0xD7FC      	BRA         L_BT_Configure11
0x059A	0x2E0B      	DECFSZ      R11, 1, 0
0x059C	0xD7FA      	BRA         L_BT_Configure11
0x059E	0x0000      	NOP
;BT_Routines.c,26 :: 		} while (BT_Get_Response() != BT_AOK);
0x05A0	0xDE98      	RCALL       _BT_Get_Response
0x05A2	0x0E00      	MOVLW       0
0x05A4	0x0A00      	XORLW       0
0x05A6	0xE102      	BNZ         L__BT_Configure31
0x05A8	0x0E02      	MOVLW       2
0x05AA	0x1800      	XORWF       R0, 0 
L__BT_Configure31:
0x05AC	0xE1E4      	BNZ         L_BT_Configure8
;BT_Routines.c,28 :: 		do {
L_BT_Configure12:
;BT_Routines.c,29 :: 		UART1_Write_Text("SM,0");                 // Set mode (0 = slave, 1 = master, 2 = trigger, 3 = auto, 4 = DTR, 5 = ANY)
0x05AE	0x0EA5      	MOVLW       ?lstr4_BT_Routines
0x05B0	0x6FE1      	MOVWF       FARG_UART1_Write_Text_uart_text, 1
0x05B2	0x0E00      	MOVLW       hi_addr(?lstr4_BT_Routines)
0x05B4	0x6FE2      	MOVWF       FARG_UART1_Write_Text_uart_text+1, 1
0x05B6	0xDE6C      	RCALL       _UART1_Write_Text
;BT_Routines.c,30 :: 		UART1_Write(13);                          // CR
0x05B8	0x0E0D      	MOVLW       13
0x05BA	0x6FE6      	MOVWF       FARG_UART1_Write_data_, 1
0x05BC	0xDE44      	RCALL       _UART1_Write
;BT_Routines.c,31 :: 		Delay_ms(500);
0x05BE	0x0E15      	MOVLW       21
0x05C0	0x6E0B      	MOVWF       R11, 0
0x05C2	0x0E4B      	MOVLW       75
0x05C4	0x6E0C      	MOVWF       R12, 0
0x05C6	0x0EBE      	MOVLW       190
0x05C8	0x6E0D      	MOVWF       R13, 0
L_BT_Configure15:
0x05CA	0x2E0D      	DECFSZ      R13, 1, 0
0x05CC	0xD7FE      	BRA         L_BT_Configure15
0x05CE	0x2E0C      	DECFSZ      R12, 1, 0
0x05D0	0xD7FC      	BRA         L_BT_Configure15
0x05D2	0x2E0B      	DECFSZ      R11, 1, 0
0x05D4	0xD7FA      	BRA         L_BT_Configure15
0x05D6	0x0000      	NOP
;BT_Routines.c,32 :: 		} while (BT_Get_Response() != BT_AOK);
0x05D8	0xDE7C      	RCALL       _BT_Get_Response
0x05DA	0x0E00      	MOVLW       0
0x05DC	0x0A00      	XORLW       0
0x05DE	0xE102      	BNZ         L__BT_Configure32
0x05E0	0x0E02      	MOVLW       2
0x05E2	0x1800      	XORWF       R0, 0 
L__BT_Configure32:
0x05E4	0xE1E4      	BNZ         L_BT_Configure12
;BT_Routines.c,34 :: 		do {
L_BT_Configure16:
;BT_Routines.c,35 :: 		UART1_Write_Text("SA,1");                 // Authentication (1 to enable, 0 to disable)
0x05E6	0x0EA0      	MOVLW       ?lstr5_BT_Routines
0x05E8	0x6FE1      	MOVWF       FARG_UART1_Write_Text_uart_text, 1
0x05EA	0x0E00      	MOVLW       hi_addr(?lstr5_BT_Routines)
0x05EC	0x6FE2      	MOVWF       FARG_UART1_Write_Text_uart_text+1, 1
0x05EE	0xDE50      	RCALL       _UART1_Write_Text
;BT_Routines.c,36 :: 		UART1_Write(13);                          // CR
0x05F0	0x0E0D      	MOVLW       13
0x05F2	0x6FE6      	MOVWF       FARG_UART1_Write_data_, 1
0x05F4	0xDE28      	RCALL       _UART1_Write
;BT_Routines.c,37 :: 		Delay_ms(500);
0x05F6	0x0E15      	MOVLW       21
0x05F8	0x6E0B      	MOVWF       R11, 0
0x05FA	0x0E4B      	MOVLW       75
0x05FC	0x6E0C      	MOVWF       R12, 0
0x05FE	0x0EBE      	MOVLW       190
0x0600	0x6E0D      	MOVWF       R13, 0
L_BT_Configure19:
0x0602	0x2E0D      	DECFSZ      R13, 1, 0
0x0604	0xD7FE      	BRA         L_BT_Configure19
0x0606	0x2E0C      	DECFSZ      R12, 1, 0
0x0608	0xD7FC      	BRA         L_BT_Configure19
0x060A	0x2E0B      	DECFSZ      R11, 1, 0
0x060C	0xD7FA      	BRA         L_BT_Configure19
0x060E	0x0000      	NOP
;BT_Routines.c,38 :: 		} while (BT_Get_Response() != BT_AOK);
0x0610	0xDE60      	RCALL       _BT_Get_Response
0x0612	0x0E00      	MOVLW       0
0x0614	0x0A00      	XORLW       0
0x0616	0xE102      	BNZ         L__BT_Configure33
0x0618	0x0E02      	MOVLW       2
0x061A	0x1800      	XORWF       R0, 0 
L__BT_Configure33:
0x061C	0xE1E4      	BNZ         L_BT_Configure16
;BT_Routines.c,40 :: 		do {
L_BT_Configure20:
;BT_Routines.c,41 :: 		UART1_Write_Text("SP,1234");              // Security pin code (mikroe)
0x061E	0x0E6E      	MOVLW       ?lstr6_BT_Routines
0x0620	0x6FE1      	MOVWF       FARG_UART1_Write_Text_uart_text, 1
0x0622	0x0E00      	MOVLW       hi_addr(?lstr6_BT_Routines)
0x0624	0x6FE2      	MOVWF       FARG_UART1_Write_Text_uart_text+1, 1
0x0626	0xDE34      	RCALL       _UART1_Write_Text
;BT_Routines.c,42 :: 		UART1_Write(13);                          // CR
0x0628	0x0E0D      	MOVLW       13
0x062A	0x6FE6      	MOVWF       FARG_UART1_Write_data_, 1
0x062C	0xDE0C      	RCALL       _UART1_Write
;BT_Routines.c,43 :: 		Delay_ms(500);
0x062E	0x0E15      	MOVLW       21
0x0630	0x6E0B      	MOVWF       R11, 0
0x0632	0x0E4B      	MOVLW       75
0x0634	0x6E0C      	MOVWF       R12, 0
0x0636	0x0EBE      	MOVLW       190
0x0638	0x6E0D      	MOVWF       R13, 0
L_BT_Configure23:
0x063A	0x2E0D      	DECFSZ      R13, 1, 0
0x063C	0xD7FE      	BRA         L_BT_Configure23
0x063E	0x2E0C      	DECFSZ      R12, 1, 0
0x0640	0xD7FC      	BRA         L_BT_Configure23
0x0642	0x2E0B      	DECFSZ      R11, 1, 0
0x0644	0xD7FA      	BRA         L_BT_Configure23
0x0646	0x0000      	NOP
;BT_Routines.c,44 :: 		} while (BT_Get_Response() != BT_AOK);
0x0648	0xDE44      	RCALL       _BT_Get_Response
0x064A	0x0E00      	MOVLW       0
0x064C	0x0A00      	XORLW       0
0x064E	0xE102      	BNZ         L__BT_Configure34
0x0650	0x0E02      	MOVLW       2
0x0652	0x1800      	XORWF       R0, 0 
L__BT_Configure34:
0x0654	0xE1E4      	BNZ         L_BT_Configure20
;BT_Routines.c,46 :: 		do {
L_BT_Configure24:
;BT_Routines.c,47 :: 		UART1_Write_Text("---");                  // Security pin code (mikroe)
0x0656	0x0E6A      	MOVLW       ?lstr7_BT_Routines
0x0658	0x6FE1      	MOVWF       FARG_UART1_Write_Text_uart_text, 1
0x065A	0x0E00      	MOVLW       hi_addr(?lstr7_BT_Routines)
0x065C	0x6FE2      	MOVWF       FARG_UART1_Write_Text_uart_text+1, 1
0x065E	0xDE18      	RCALL       _UART1_Write_Text
;BT_Routines.c,48 :: 		UART1_Write(13);                          // CR
0x0660	0x0E0D      	MOVLW       13
0x0662	0x6FE6      	MOVWF       FARG_UART1_Write_data_, 1
0x0664	0xDDF0      	RCALL       _UART1_Write
;BT_Routines.c,49 :: 		Delay_ms(500);
0x0666	0x0E15      	MOVLW       21
0x0668	0x6E0B      	MOVWF       R11, 0
0x066A	0x0E4B      	MOVLW       75
0x066C	0x6E0C      	MOVWF       R12, 0
0x066E	0x0EBE      	MOVLW       190
0x0670	0x6E0D      	MOVWF       R13, 0
L_BT_Configure27:
0x0672	0x2E0D      	DECFSZ      R13, 1, 0
0x0674	0xD7FE      	BRA         L_BT_Configure27
0x0676	0x2E0C      	DECFSZ      R12, 1, 0
0x0678	0xD7FC      	BRA         L_BT_Configure27
0x067A	0x2E0B      	DECFSZ      R11, 1, 0
0x067C	0xD7FA      	BRA         L_BT_Configure27
0x067E	0x0000      	NOP
;BT_Routines.c,50 :: 		} while (BT_Get_Response() != BT_END);
0x0680	0xDE28      	RCALL       _BT_Get_Response
0x0682	0x0E00      	MOVLW       0
0x0684	0x0A00      	XORLW       0
0x0686	0xE102      	BNZ         L__BT_Configure35
0x0688	0x0E04      	MOVLW       4
0x068A	0x1800      	XORWF       R0, 0 
L__BT_Configure35:
0x068C	0xE1E4      	BNZ         L_BT_Configure24
;BT_Routines.c,51 :: 		}
L_end_BT_Configure:
0x068E	0x0012      	RETURN      0
; end of _BT_Configure
_main:
0x0690	0xF004EC6E  	CALL        2268, 0
;Bluetooth_click.c,250 :: 		void main() {
;Bluetooth_click.c,251 :: 		ANSELC = 0;                   // Configure PORTC pins as digital
0x0694	0x010F      	MOVLB       15
0x0696	0x6B3A      	CLRF        ANSELC, 1
;Bluetooth_click.c,254 :: 		CMD_mode = 1;
0x0698	0x0E01      	MOVLW       1
0x069A	0x0100      	MOVLB       0
0x069C	0x6FC8      	MOVWF       _CMD_mode, 1
;Bluetooth_click.c,255 :: 		BT_state = 0;
0x069E	0x6BC7      	CLRF        _BT_state, 1
;Bluetooth_click.c,256 :: 		response_rcvd = 0;
0x06A0	0x6BC6      	CLRF        _response_rcvd, 1
;Bluetooth_click.c,257 :: 		responseID = 0;
0x06A2	0x6BC9      	CLRF        _responseID, 1
;Bluetooth_click.c,258 :: 		response = 0;
0x06A4	0x6A27      	CLRF        _response 
;Bluetooth_click.c,259 :: 		tmp = 0;
0x06A6	0x6BB3      	CLRF        _tmp, 1
;Bluetooth_click.c,260 :: 		CMD_mode = 1;
0x06A8	0x0E01      	MOVLW       1
0x06AA	0x6FC8      	MOVWF       _CMD_mode, 1
;Bluetooth_click.c,261 :: 		DataReady = 0;
0x06AC	0x6BB4      	CLRF        _DataReady, 1
;Bluetooth_click.c,263 :: 		RCIE_bit = 1;                 // Enable UART RX interrupt
0x06AE	0x8A9D      	BSF         RCIE_bit, BitPos(RCIE_bit+0) 
;Bluetooth_click.c,264 :: 		PEIE_bit = 1;                 // Enable Peripheral interrupt
0x06B0	0x8CF2      	BSF         PEIE_bit, BitPos(PEIE_bit+0) 
;Bluetooth_click.c,265 :: 		GIE_bit  = 1;                 // Enable Global interrupt
0x06B2	0x8EF2      	BSF         GIE_bit, BitPos(GIE_bit+0) 
;Bluetooth_click.c,267 :: 		Lcd_Init();                   // Lcd Init
0x06B4	0xDE54      	RCALL       _Lcd_Init
;Bluetooth_click.c,268 :: 		UART1_init(115200);           // Initialize UART1 module
0x06B6	0x86B8      	BSF         BAUDCON, 3, 0
0x06B8	0x6AB0      	CLRF        SPBRGH 
0x06BA	0x0E44      	MOVLW       68
0x06BC	0x6EAF      	MOVWF       SPBRG 
0x06BE	0x84AC      	BSF         TXSTA, 2, 0
0x06C0	0xDE19      	RCALL       _UART1_Init
;Bluetooth_click.c,269 :: 		Lcd_Cmd(_LCD_CLEAR);          // Clear display
0x06C2	0x0E01      	MOVLW       1
0x06C4	0x6FE6      	MOVWF       FARG_Lcd_Cmd_out_char, 1
0x06C6	0xDD80      	RCALL       _Lcd_Cmd
;Bluetooth_click.c,270 :: 		Lcd_Cmd(_LCD_CURSOR_OFF);     // Turn cursor off
0x06C8	0x0E0C      	MOVLW       12
0x06CA	0x6FE6      	MOVWF       FARG_Lcd_Cmd_out_char, 1
0x06CC	0xDD7D      	RCALL       _Lcd_Cmd
;Bluetooth_click.c,273 :: 		Lcd_Out(1,1,"Projeto Final");
0x06CE	0x0E01      	MOVLW       1
0x06D0	0x6FDB      	MOVWF       FARG_Lcd_Out_row, 1
0x06D2	0x0E01      	MOVLW       1
0x06D4	0x6FDC      	MOVWF       FARG_Lcd_Out_column, 1
0x06D6	0x0E19      	MOVLW       ?lstr1_Bluetooth_click
0x06D8	0x6FDD      	MOVWF       FARG_Lcd_Out_text, 1
0x06DA	0x0E00      	MOVLW       hi_addr(?lstr1_Bluetooth_click)
0x06DC	0x6FDE      	MOVWF       FARG_Lcd_Out_text+1, 1
0x06DE	0xDED6      	RCALL       _Lcd_Out
;Bluetooth_click.c,274 :: 		Delay_ms(1500);
0x06E0	0x0E3D      	MOVLW       61
0x06E2	0x6E0B      	MOVWF       R11, 0
0x06E4	0x0EE1      	MOVLW       225
0x06E6	0x6E0C      	MOVWF       R12, 0
0x06E8	0x0E3F      	MOVLW       63
0x06EA	0x6E0D      	MOVWF       R13, 0
L_main48:
0x06EC	0x2E0D      	DECFSZ      R13, 1, 0
0x06EE	0xD7FE      	BRA         L_main48
0x06F0	0x2E0C      	DECFSZ      R12, 1, 0
0x06F2	0xD7FC      	BRA         L_main48
0x06F4	0x2E0B      	DECFSZ      R11, 1, 0
0x06F6	0xD7FA      	BRA         L_main48
0x06F8	0x0000      	NOP
0x06FA	0x0000      	NOP
;Bluetooth_click.c,276 :: 		Lcd_Cmd(_LCD_CLEAR);
0x06FC	0x0E01      	MOVLW       1
0x06FE	0x6FE6      	MOVWF       FARG_Lcd_Cmd_out_char, 1
0x0700	0xDD63      	RCALL       _Lcd_Cmd
;Bluetooth_click.c,277 :: 		Lcd_Out(1,1,"Connecting!");
0x0702	0x0E01      	MOVLW       1
0x0704	0x6FDB      	MOVWF       FARG_Lcd_Out_row, 1
0x0706	0x0E01      	MOVLW       1
0x0708	0x6FDC      	MOVWF       FARG_Lcd_Out_column, 1
0x070A	0x0E28      	MOVLW       ?lstr2_Bluetooth_click
0x070C	0x6FDD      	MOVWF       FARG_Lcd_Out_text, 1
0x070E	0x0E00      	MOVLW       hi_addr(?lstr2_Bluetooth_click)
0x0710	0x6FDE      	MOVWF       FARG_Lcd_Out_text+1, 1
0x0712	0xDEBC      	RCALL       _Lcd_Out
;Bluetooth_click.c,278 :: 		Lcd_Out(2,1,"Please, wait...");
0x0714	0x0E02      	MOVLW       2
0x0716	0x6FDB      	MOVWF       FARG_Lcd_Out_row, 1
0x0718	0x0E01      	MOVLW       1
0x071A	0x6FDC      	MOVWF       FARG_Lcd_Out_column, 1
0x071C	0x0E5A      	MOVLW       ?lstr3_Bluetooth_click
0x071E	0x6FDD      	MOVWF       FARG_Lcd_Out_text, 1
0x0720	0x0E00      	MOVLW       hi_addr(?lstr3_Bluetooth_click)
0x0722	0x6FDE      	MOVWF       FARG_Lcd_Out_text+1, 1
0x0724	0xDEB3      	RCALL       _Lcd_Out
;Bluetooth_click.c,279 :: 		Delay_ms(1500);
0x0726	0x0E3D      	MOVLW       61
0x0728	0x6E0B      	MOVWF       R11, 0
0x072A	0x0EE1      	MOVLW       225
0x072C	0x6E0C      	MOVWF       R12, 0
0x072E	0x0E3F      	MOVLW       63
0x0730	0x6E0D      	MOVWF       R13, 0
L_main49:
0x0732	0x2E0D      	DECFSZ      R13, 1, 0
0x0734	0xD7FE      	BRA         L_main49
0x0736	0x2E0C      	DECFSZ      R12, 1, 0
0x0738	0xD7FC      	BRA         L_main49
0x073A	0x2E0B      	DECFSZ      R11, 1, 0
0x073C	0xD7FA      	BRA         L_main49
0x073E	0x0000      	NOP
0x0740	0x0000      	NOP
;Bluetooth_click.c,282 :: 		BT_Configure();
0x0742	0xDEE3      	RCALL       _BT_Configure
;Bluetooth_click.c,285 :: 		while (BT_Get_Response() != BT_CONN);
L_main50:
0x0744	0xDDC6      	RCALL       _BT_Get_Response
0x0746	0x0E00      	MOVLW       0
0x0748	0x0A00      	XORLW       0
0x074A	0xE102      	BNZ         L__main65
0x074C	0x0E03      	MOVLW       3
0x074E	0x1800      	XORWF       R0, 0 
L__main65:
0x0750	0xE001      	BZ          L_main51
0x0752	0xD7F8      	BRA         L_main50
L_main51:
;Bluetooth_click.c,287 :: 		Lcd_Cmd(_LCD_CLEAR);          //  Clear display
0x0754	0x0E01      	MOVLW       1
0x0756	0x6FE6      	MOVWF       FARG_Lcd_Cmd_out_char, 1
0x0758	0xDD37      	RCALL       _Lcd_Cmd
;Bluetooth_click.c,288 :: 		CMD_mode = 0;
0x075A	0x6BC8      	CLRF        _CMD_mode, 1
;Bluetooth_click.c,289 :: 		GIE_bit = 0;                  // Disable Global interrupt
0x075C	0x9EF2      	BCF         GIE_bit, BitPos(GIE_bit+0) 
;Bluetooth_click.c,290 :: 		DataReady = 0;                // Data not received
0x075E	0x6BB4      	CLRF        _DataReady, 1
;Bluetooth_click.c,292 :: 		LCD_Cmd(_LCD_CLEAR);          // Clear display
0x0760	0x0E01      	MOVLW       1
0x0762	0x6FE6      	MOVWF       FARG_Lcd_Cmd_out_char, 1
0x0764	0xDD31      	RCALL       _Lcd_Cmd
;Bluetooth_click.c,293 :: 		Lcd_Out(1,1,"Connected!");    // Display message
0x0766	0x0E01      	MOVLW       1
0x0768	0x6FDB      	MOVWF       FARG_Lcd_Out_row, 1
0x076A	0x0E01      	MOVLW       1
0x076C	0x6FDC      	MOVWF       FARG_Lcd_Out_column, 1
0x076E	0x0E4F      	MOVLW       ?lstr4_Bluetooth_click
0x0770	0x6FDD      	MOVWF       FARG_Lcd_Out_text, 1
0x0772	0x0E00      	MOVLW       hi_addr(?lstr4_Bluetooth_click)
0x0774	0x6FDE      	MOVWF       FARG_Lcd_Out_text+1, 1
0x0776	0xDE8A      	RCALL       _Lcd_Out
;Bluetooth_click.c,294 :: 		Delay_ms(1000);
0x0778	0x0E29      	MOVLW       41
0x077A	0x6E0B      	MOVWF       R11, 0
0x077C	0x0E96      	MOVLW       150
0x077E	0x6E0C      	MOVWF       R12, 0
0x0780	0x0E7F      	MOVLW       127
0x0782	0x6E0D      	MOVWF       R13, 0
L_main52:
0x0784	0x2E0D      	DECFSZ      R13, 1, 0
0x0786	0xD7FE      	BRA         L_main52
0x0788	0x2E0C      	DECFSZ      R12, 1, 0
0x078A	0xD7FC      	BRA         L_main52
0x078C	0x2E0B      	DECFSZ      R11, 1, 0
0x078E	0xD7FA      	BRA         L_main52
;Bluetooth_click.c,296 :: 		UART1_Write_Text("Bluetooth Click Connected!");         //  Send message on connection
0x0790	0x0E34      	MOVLW       ?lstr5_Bluetooth_click
0x0792	0x6FE1      	MOVWF       FARG_UART1_Write_Text_uart_text, 1
0x0794	0x0E00      	MOVLW       hi_addr(?lstr5_Bluetooth_click)
0x0796	0x6FE2      	MOVWF       FARG_UART1_Write_Text_uart_text+1, 1
0x0798	0xDD7B      	RCALL       _UART1_Write_Text
;Bluetooth_click.c,297 :: 		UART1_Write(13);              // CR
0x079A	0x0E0D      	MOVLW       13
0x079C	0x6FE6      	MOVWF       FARG_UART1_Write_data_, 1
0x079E	0xDD53      	RCALL       _UART1_Write
;Bluetooth_click.c,298 :: 		Lcd_Cmd(_LCD_CLEAR);          // Clear display
0x07A0	0x0E01      	MOVLW       1
0x07A2	0x0100      	MOVLB       0
0x07A4	0x6FE6      	MOVWF       FARG_Lcd_Cmd_out_char, 1
0x07A6	0xDD10      	RCALL       _Lcd_Cmd
;Bluetooth_click.c,299 :: 		Lcd_Out(1,1,"Receiving...");  // Display message
0x07A8	0x0E01      	MOVLW       1
0x07AA	0x6FDB      	MOVWF       FARG_Lcd_Out_row, 1
0x07AC	0x0E01      	MOVLW       1
0x07AE	0x6FDC      	MOVWF       FARG_Lcd_Out_column, 1
0x07B0	0x0E80      	MOVLW       ?lstr6_Bluetooth_click
0x07B2	0x6FDD      	MOVWF       FARG_Lcd_Out_text, 1
0x07B4	0x0E00      	MOVLW       hi_addr(?lstr6_Bluetooth_click)
0x07B6	0x6FDE      	MOVWF       FARG_Lcd_Out_text+1, 1
0x07B8	0xDE69      	RCALL       _Lcd_Out
;Bluetooth_click.c,301 :: 		while (1) {
L_main53:
0x07BA	0x0100      	MOVLB       0
;Bluetooth_click.c,302 :: 		i = 0;                      // Initialize counter
0x07BC	0x6BC5      	CLRF        _i, 1
;Bluetooth_click.c,304 :: 		memset(txt, 0, 16);         // Clear array of chars
0x07BE	0x0EB5      	MOVLW       _txt
0x07C0	0x6FE1      	MOVWF       FARG_memset_p1, 1
0x07C2	0x0E00      	MOVLW       hi_addr(_txt)
0x07C4	0x6FE2      	MOVWF       FARG_memset_p1+1, 1
0x07C6	0x6BE3      	CLRF        FARG_memset_character, 1
0x07C8	0x0E10      	MOVLW       16
0x07CA	0x6FE4      	MOVWF       FARG_memset_n, 1
0x07CC	0x0E00      	MOVLW       0
0x07CE	0x6FE5      	MOVWF       FARG_memset_n+1, 1
0x07D0	0xDD41      	RCALL       _memset
;Bluetooth_click.c,305 :: 		GIE_bit = 1;                // Interrupts allowed
0x07D2	0x8EF2      	BSF         GIE_bit, BitPos(GIE_bit+0) 
;Bluetooth_click.c,307 :: 		while (!DataReady);          // Wait while the data is received
L_main55:
0x07D4	0x53B4      	MOVF        _DataReady, 1, 1
0x07D6	0xE101      	BNZ         L_main56
0x07D8	0xD7FD      	BRA         L_main55
L_main56:
;Bluetooth_click.c,309 :: 		GIE_bit  = 0;               // Interrupts forbiden
0x07DA	0x9EF2      	BCF         GIE_bit, BitPos(GIE_bit+0) 
;Bluetooth_click.c,310 :: 		DataReady = 0;              // Data not received
0x07DC	0x6BB4      	CLRF        _DataReady, 1
;Bluetooth_click.c,312 :: 		LCD_Cmd(_LCD_CLEAR);        // Clear display
0x07DE	0x0E01      	MOVLW       1
0x07E0	0x6FE6      	MOVWF       FARG_Lcd_Cmd_out_char, 1
0x07E2	0xDCF2      	RCALL       _Lcd_Cmd
;Bluetooth_click.c,314 :: 		Lcd_Cmd(_LCD_FIRST_ROW);   // Write in second row
0x07E4	0x0E80      	MOVLW       128
0x07E6	0x6FE6      	MOVWF       FARG_Lcd_Cmd_out_char, 1
0x07E8	0xDCEF      	RCALL       _Lcd_Cmd
;Bluetooth_click.c,315 :: 		i = 0;                      // Reset counter
0x07EA	0x6BC5      	CLRF        _i, 1
;Bluetooth_click.c,317 :: 		while (txt[i] != 0) {
L_main57:
0x07EC	0x0EB5      	MOVLW       _txt
0x07EE	0x6EE9      	MOVWF       FSR0L 
0x07F0	0x0E00      	MOVLW       hi_addr(_txt)
0x07F2	0x6EEA      	MOVWF       FSR0H 
0x07F4	0x51C5      	MOVF        _i, 0, 1
0x07F6	0x26E9      	ADDWF       FSR0L, 1 
0x07F8	0xB0D8      	BTFSC       STATUS, 0 
0x07FA	0x2AEA      	INCF        FSR0H, 1 
0x07FC	0x50EE      	MOVF        POSTINC0, 0 
0x07FE	0x0A00      	XORLW       0
0x0800	0xE00D      	BZ          L_main58
;Bluetooth_click.c,318 :: 		Lcd_Chr_CP(txt[i]);       // Displaying the received text on the LCD
0x0802	0x0EB5      	MOVLW       _txt
0x0804	0x6EE9      	MOVWF       FSR0L 
0x0806	0x0E00      	MOVLW       hi_addr(_txt)
0x0808	0x6EEA      	MOVWF       FSR0H 
0x080A	0x51C5      	MOVF        _i, 0, 1
0x080C	0x26E9      	ADDWF       FSR0L, 1 
0x080E	0xB0D8      	BTFSC       STATUS, 0 
0x0810	0x2AEA      	INCF        FSR0H, 1 
0x0812	0xF0E1CFEE  	MOVFF       POSTINC0, FARG_Lcd_Chr_CP_out_char
0x0816	0xDD56      	RCALL       _Lcd_Chr_CP
;Bluetooth_click.c,319 :: 		i++;                      // Increment counter
0x0818	0x2BC5      	INCF        _i, 1, 1
;Bluetooth_click.c,320 :: 		}
0x081A	0xD7E8      	BRA         L_main57
L_main58:
;Bluetooth_click.c,322 :: 		if(!memcmp(txt,portd_selected,5)){
0x081C	0x0EB5      	MOVLW       _txt
0x081E	0x6FDB      	MOVWF       FARG_memcmp_s1, 1
0x0820	0x0E00      	MOVLW       hi_addr(_txt)
0x0822	0x6FDC      	MOVWF       FARG_memcmp_s1+1, 1
0x0824	0x0E7A      	MOVLW       _portd_selected
0x0826	0x6FDD      	MOVWF       FARG_memcmp_s2, 1
0x0828	0x0E00      	MOVLW       hi_addr(_portd_selected)
0x082A	0x6FDE      	MOVWF       FARG_memcmp_s2+1, 1
0x082C	0x0E05      	MOVLW       5
0x082E	0x6FDF      	MOVWF       FARG_memcmp_n, 1
0x0830	0x0E00      	MOVLW       0
0x0832	0x6FE0      	MOVWF       FARG_memcmp_n+1, 1
0x0834	0xDDE0      	RCALL       _memcmp
0x0836	0x5000      	MOVF        R0, 0 
0x0838	0x1001      	IORWF       R1, 0 
0x083A	0xE101      	BNZ         L_main59
;Bluetooth_click.c,323 :: 		portD_handle();
0x083C	0xDE0D      	RCALL       _portD_handle
;Bluetooth_click.c,324 :: 		}
L_main59:
;Bluetooth_click.c,326 :: 		}
0x083E	0xD7BD      	BRA         L_main53
;Bluetooth_click.c,327 :: 		}
L_end_main:
0x0840	0xD7FF      	BRA         $+0
; end of _main
0x08DC	0xF019EE10  	LFSR        1, 25
0x08E0	0x0E9A      	MOVLW       154
0x08E2	0x6E00      	MOVWF       R0 
0x08E4	0x0E01      	MOVLW       1
0x08E6	0x6E01      	MOVWF       R1 
0x08E8	0x0E42      	MOVLW       66
0x08EA	0x6EF6      	MOVWF       4086 
0x08EC	0x0E08      	MOVLW       8
0x08EE	0x6EF7      	MOVWF       TBLPTRH 
0x08F0	0x0E00      	MOVLW       0
0x08F2	0x6EF8      	MOVWF       TBLPTRU 
0x08F4	0xF001EC72  	CALL        740, 0
0x08F8	0x0012      	RETURN      0
;Bluetooth_click.c,0 :: ?ICS?lstr1_Bluetooth_click
0x0842	0x7250 ;?ICS?lstr1_Bluetooth_click+0
0x0844	0x6A6F ;?ICS?lstr1_Bluetooth_click+2
0x0846	0x7465 ;?ICS?lstr1_Bluetooth_click+4
0x0848	0x206F ;?ICS?lstr1_Bluetooth_click+6
0x084A	0x6946 ;?ICS?lstr1_Bluetooth_click+8
0x084C	0x616E ;?ICS?lstr1_Bluetooth_click+10
0x084E	0x006C ;?ICS?lstr1_Bluetooth_click+12
; end of ?ICS?lstr1_Bluetooth_click
;Bluetooth_click.c,0 :: ?ICS_response
0x0850	0x00 ;?ICS_response+0
; end of ?ICS_response
;Bluetooth_click.c,0 :: ?ICS?lstr2_Bluetooth_click
0x0851	0x6F43 ;?ICS?lstr2_Bluetooth_click+0
0x0853	0x6E6E ;?ICS?lstr2_Bluetooth_click+2
0x0855	0x6365 ;?ICS?lstr2_Bluetooth_click+4
0x0857	0x6974 ;?ICS?lstr2_Bluetooth_click+6
0x0859	0x676E ;?ICS?lstr2_Bluetooth_click+8
0x085B	0x0021 ;?ICS?lstr2_Bluetooth_click+10
; end of ?ICS?lstr2_Bluetooth_click
;Bluetooth_click.c,0 :: ?ICS?lstr5_Bluetooth_click
0x085D	0x6C42 ;?ICS?lstr5_Bluetooth_click+0
0x085F	0x6575 ;?ICS?lstr5_Bluetooth_click+2
0x0861	0x6F74 ;?ICS?lstr5_Bluetooth_click+4
0x0863	0x746F ;?ICS?lstr5_Bluetooth_click+6
0x0865	0x2068 ;?ICS?lstr5_Bluetooth_click+8
0x0867	0x6C43 ;?ICS?lstr5_Bluetooth_click+10
0x0869	0x6369 ;?ICS?lstr5_Bluetooth_click+12
0x086B	0x206B ;?ICS?lstr5_Bluetooth_click+14
0x086D	0x6F43 ;?ICS?lstr5_Bluetooth_click+16
0x086F	0x6E6E ;?ICS?lstr5_Bluetooth_click+18
0x0871	0x6365 ;?ICS?lstr5_Bluetooth_click+20
0x0873	0x6574 ;?ICS?lstr5_Bluetooth_click+22
0x0875	0x2164 ;?ICS?lstr5_Bluetooth_click+24
0x0877	0x00 ;?ICS?lstr5_Bluetooth_click+26
; end of ?ICS?lstr5_Bluetooth_click
;Bluetooth_click.c,0 :: ?ICS?lstr4_Bluetooth_click
0x0878	0x6F43 ;?ICS?lstr4_Bluetooth_click+0
0x087A	0x6E6E ;?ICS?lstr4_Bluetooth_click+2
0x087C	0x6365 ;?ICS?lstr4_Bluetooth_click+4
0x087E	0x6574 ;?ICS?lstr4_Bluetooth_click+6
0x0880	0x2164 ;?ICS?lstr4_Bluetooth_click+8
0x0882	0x00 ;?ICS?lstr4_Bluetooth_click+10
; end of ?ICS?lstr4_Bluetooth_click
;Bluetooth_click.c,0 :: ?ICS?lstr3_Bluetooth_click
0x0883	0x6C50 ;?ICS?lstr3_Bluetooth_click+0
0x0885	0x6165 ;?ICS?lstr3_Bluetooth_click+2
0x0887	0x6573 ;?ICS?lstr3_Bluetooth_click+4
0x0889	0x202C ;?ICS?lstr3_Bluetooth_click+6
0x088B	0x6177 ;?ICS?lstr3_Bluetooth_click+8
0x088D	0x7469 ;?ICS?lstr3_Bluetooth_click+10
0x088F	0x2E2E ;?ICS?lstr3_Bluetooth_click+12
0x0891	0x002E ;?ICS?lstr3_Bluetooth_click+14
; end of ?ICS?lstr3_Bluetooth_click
;BT_Routines.c,0 :: ?ICS?lstr7_BT_Routines
0x0893	0x2D2D ;?ICS?lstr7_BT_Routines+0
0x0895	0x002D ;?ICS?lstr7_BT_Routines+2
; end of ?ICS?lstr7_BT_Routines
;BT_Routines.c,0 :: ?ICS?lstr6_BT_Routines
0x0897	0x5053 ;?ICS?lstr6_BT_Routines+0
0x0899	0x312C ;?ICS?lstr6_BT_Routines+2
0x089B	0x3332 ;?ICS?lstr6_BT_Routines+4
0x089D	0x0034 ;?ICS?lstr6_BT_Routines+6
; end of ?ICS?lstr6_BT_Routines
;BT_Routines.c,0 :: ?ICS?lstr1_BT_Routines
0x089F	0x2424 ;?ICS?lstr1_BT_Routines+0
0x08A1	0x0024 ;?ICS?lstr1_BT_Routines+2
; end of ?ICS?lstr1_BT_Routines
;Bluetooth_click.c,0 :: ?ICS_portd_selected
0x08A3	0x4F50 ;?ICS_portd_selected+0
0x08A5	0x5452 ;?ICS_portd_selected+2
0x08A7	0x0044 ;?ICS_portd_selected+4
; end of ?ICS_portd_selected
;Bluetooth_click.c,0 :: ?ICS?lstr6_Bluetooth_click
0x08A9	0x6552 ;?ICS?lstr6_Bluetooth_click+0
0x08AB	0x6563 ;?ICS?lstr6_Bluetooth_click+2
0x08AD	0x7669 ;?ICS?lstr6_Bluetooth_click+4
0x08AF	0x6E69 ;?ICS?lstr6_Bluetooth_click+6
0x08B1	0x2E67 ;?ICS?lstr6_Bluetooth_click+8
0x08B3	0x2E2E ;?ICS?lstr6_Bluetooth_click+10
0x08B5	0x00 ;?ICS?lstr6_Bluetooth_click+12
; end of ?ICS?lstr6_Bluetooth_click
;BT_Routines.c,0 :: ?ICS?lstr2_BT_Routines
0x08B6	0x4E53 ;?ICS?lstr2_BT_Routines+0
0x08B8	0x422C ;?ICS?lstr2_BT_Routines+2
0x08BA	0x756C ;?ICS?lstr2_BT_Routines+4
0x08BC	0x5465 ;?ICS?lstr2_BT_Routines+6
0x08BE	0x6F6F ;?ICS?lstr2_BT_Routines+8
0x08C0	0x6874 ;?ICS?lstr2_BT_Routines+10
0x08C2	0x432D ;?ICS?lstr2_BT_Routines+12
0x08C4	0x696C ;?ICS?lstr2_BT_Routines+14
0x08C6	0x6B63 ;?ICS?lstr2_BT_Routines+16
0x08C8	0x00 ;?ICS?lstr2_BT_Routines+18
; end of ?ICS?lstr2_BT_Routines
;BT_Routines.c,0 :: ?ICS?lstr5_BT_Routines
0x08C9	0x4153 ;?ICS?lstr5_BT_Routines+0
0x08CB	0x312C ;?ICS?lstr5_BT_Routines+2
0x08CD	0x00 ;?ICS?lstr5_BT_Routines+4
; end of ?ICS?lstr5_BT_Routines
;BT_Routines.c,0 :: ?ICS?lstr4_BT_Routines
0x08CE	0x4D53 ;?ICS?lstr4_BT_Routines+0
0x08D0	0x302C ;?ICS?lstr4_BT_Routines+2
0x08D2	0x00 ;?ICS?lstr4_BT_Routines+4
; end of ?ICS?lstr4_BT_Routines
;BT_Routines.c,0 :: ?ICS?lstr3_BT_Routines
0x08D3	0x4F53 ;?ICS?lstr3_BT_Routines+0
0x08D5	0x532C ;?ICS?lstr3_BT_Routines+2
0x08D7	0x616C ;?ICS?lstr3_BT_Routines+4
0x08D9	0x6576 ;?ICS?lstr3_BT_Routines+6
0x08DB	0x00 ;?ICS?lstr3_BT_Routines+8
; end of ?ICS?lstr3_BT_Routines
Symbol List:
//** Routines locations **
//ADDRESS    SIZE    PROCEDURE
//----------------------------------------------
0x0008     [408]    _interrupt
0x01A0      [10]    _Delay_50us
0x01AA      [18]    _Delay_5500us
0x01BC      [12]    _Delay_1us
0x01C8     [126]    _Lcd_Cmd
0x0246      [14]    _UART1_Write
0x0254      [60]    _memset
0x0290      [52]    _UART1_Write_Text
0x02C4      [14]    _Lcd_Chr_CP
0x02D2      [18]    _BT_Get_Response
0x02E4      [16]    ___CC2DW
0x02F4      [88]    _UART1_Init
0x034C      [18]    _UART1_Read
0x035E     [152]    _Lcd_Init
0x03F6      [98]    _memcmp
0x0458      [52]    _portD_handle
0x048C     [126]    _Lcd_Out
0x050A     [390]    _BT_Configure
0x0690     [434]    _main
//** Variables locations ** 
//ADDRESS    SIZE    VARIABLE
//----------------------------------------------
0x0000       [1]    R0
0x0000       [1]    UART2_Init_tmp_L0
0x0000       [1]    UART1_Init_tmp_L0
0x0001       [1]    UART2_Read___tmp_UART2_Read_L0
0x0001       [1]    R1
0x0001       [1]    UART1_Read___tmp_UART1_Read_L0
0x0002       [1]    R2
0x0002       [2]    strlen_cp_L0
0x0002       [2]    memset_pp_L0
0x0002       [2]    memcpy_dd_L0
0x0002       [2]    memchr_s_L0
0x0003       [2]    memmove_tt_L0
0x0003       [1]    R3
0x0004       [2]    strcpy_cp_L0
0x0004       [2]    strncat_cp_L0
0x0004       [1]    R4
0x0004       [2]    memcpy_ss_L0
0x0004       [2]    strncpy_cp_L0
0x0004       [2]    strcat_cp_L0
0x0005       [1]    R5
0x0005       [2]    memmove_ff_L0
0x0006       [1]    R6
0x0007       [1]    R7
0x0008       [1]    R8
0x0009       [1]    R9
0x000A       [1]    R10
0x000B       [1]    R11
0x000C       [1]    R12
0x000D       [1]    R13
0x000E       [1]    R14
0x000F       [1]    R15
0x0010       [1]    R16
0x0011       [1]    R17
0x0012       [1]    R18
0x0013       [1]    R19
0x0014       [1]    R20
0x0019      [14]    ?lstr1_Bluetooth_click
0x0027       [1]    _response
0x0028      [12]    ?lstr2_Bluetooth_click
0x0034      [27]    ?lstr5_Bluetooth_click
0x004F      [11]    ?lstr4_Bluetooth_click
0x005A      [16]    ?lstr3_Bluetooth_click
0x006A       [4]    ?lstr7_BT_Routines
0x006E       [8]    ?lstr6_BT_Routines
0x0076       [4]    ?lstr1_BT_Routines
0x007A       [6]    _portd_selected
0x0080      [13]    ?lstr6_Bluetooth_click
0x008D      [19]    ?lstr2_BT_Routines
0x00A0       [5]    ?lstr5_BT_Routines
0x00A5       [5]    ?lstr4_BT_Routines
0x00AA       [9]    ?lstr3_BT_Routines
0x00B3       [1]    _tmp
0x00B4       [1]    _DataReady
0x00B5      [16]    _txt
0x00C5       [1]    _i
0x00C6       [1]    _response_rcvd
0x00C7       [1]    _BT_state
0x00C8       [1]    _CMD_mode
0x00C9       [1]    _responseID
0x00CA       [0]    __Lib_Lcd_cmd_status
0x00CB       [4]    _UART_Wr_Ptr
0x00CF       [4]    _UART_Tx_Idle_Ptr
0x00D3       [4]    _UART_Rdy_Ptr
0x00D7       [4]    _UART_Rd_Ptr
0x00DB       [1]    FARG_Lcd_Out_row
0x00DB       [2]    FARG_memcmp_s1
0x00DC       [1]    FARG_Lcd_Out_column
0x00DD       [2]    FARG_memcmp_s2
0x00DD       [2]    FARG_Lcd_Out_text
0x00DF       [2]    FARG_memcmp_n
0x00DF       [1]    Lcd_Out_i_L0
0x00E1       [2]    FARG_UART1_Write_Text_uart_text
0x00E1       [1]    FARG_Lcd_Chr_CP_out_char
0x00E1       [2]    FARG_memset_p1
0x00E3       [1]    FARG_memset_character
0x00E3       [1]    UART1_Write_Text_data__L0
0x00E4       [2]    FARG_memset_n
0x00E4       [1]    UART1_Write_Text_counter_L0
0x00E6       [1]    FARG_UART1_Write_data_
0x00E6       [1]    FARG_Lcd_Cmd_out_char
0x0F3A       [1]    ANSELC
0x0F3B       [1]    ANSELD
0x0F8A       [0]    LCD_D4
0x0F8A       [0]    LCD_EN
0x0F8A       [0]    LCD_RS
0x0F8A       [0]    LCD_D7
0x0F8A       [0]    LCD_D6
0x0F8A       [0]    LCD_D5
0x0F8A       [0]    LATB5_bit
0x0F8A       [0]    LATB4_bit
0x0F8A       [0]    LATB3_bit
0x0F8A       [0]    LATB0_bit
0x0F8A       [0]    LATB2_bit
0x0F8A       [0]    LATB1_bit
0x0F8C       [1]    LATD
0x0F93       [0]    TRISB2_bit
0x0F93       [0]    TRISB3_bit
0x0F93       [0]    LCD_EN_Direction
0x0F93       [0]    LCD_RS_Direction
0x0F93       [0]    TRISB0_bit
0x0F93       [0]    TRISB5_bit
0x0F93       [0]    TRISB1_bit
0x0F93       [0]    TRISB4_bit
0x0F93       [0]    LCD_D6_Direction
0x0F93       [0]    LCD_D5_Direction
0x0F93       [0]    LCD_D4_Direction
0x0F93       [0]    LCD_D7_Direction
0x0F94       [0]    TRISC7_bit
0x0F94       [0]    TRISC6_bit
0x0F95       [1]    TRISD
0x0F9D       [0]    RCIE_bit
0x0F9E       [0]    RCIF_bit
0x0F9E       [1]    PIR1
0x0FAB       [1]    RCSTA
0x0FAC       [1]    TXSTA
0x0FAD       [1]    TXREG
0x0FAE       [1]    RCREG
0x0FAF       [1]    SPBRG
0x0FB0       [1]    SPBRGH
0x0FB8       [1]    BAUDCON
0x0FD8       [1]    STATUS
0x0FD9       [1]    FSR2L
0x0FDA       [1]    FSR2H
0x0FDE       [1]    POSTINC2
0x0FE0       [1]    BSR
0x0FE1       [1]    FSR1L
0x0FE2       [1]    FSR1H
0x0FE4       [1]    PREINC1
0x0FE6       [1]    POSTINC1
0x0FE7       [1]    INDF1
0x0FE8       [1]    WREG
0x0FE9       [1]    FSR0L
0x0FEA       [1]    FSR0H
0x0FEE       [1]    POSTINC0
0x0FF2       [0]    PEIE_bit
0x0FF2       [0]    GIE_bit
0x0FF3       [1]    PRODL
0x0FF4       [1]    PRODH
0x0FF5       [1]    TABLAT
0x0FF6       [1]    TBLPTRL
0x0FF7       [1]    TBLPTRH
0x0FF8       [1]    TBLPTRU
//** Constants locations ** 
//ADDRESS    SIZE    CONSTANT
//----------------------------------------------
0x0842      [14]    ?ICS?lstr1_Bluetooth_click
0x0850       [1]    ?ICS_response
0x0851      [12]    ?ICS?lstr2_Bluetooth_click
0x085D      [27]    ?ICS?lstr5_Bluetooth_click
0x0878      [11]    ?ICS?lstr4_Bluetooth_click
0x0883      [16]    ?ICS?lstr3_Bluetooth_click
0x0893       [4]    ?ICS?lstr7_BT_Routines
0x0897       [8]    ?ICS?lstr6_BT_Routines
0x089F       [4]    ?ICS?lstr1_BT_Routines
0x08A3       [6]    ?ICS_portd_selected
0x08A9      [13]    ?ICS?lstr6_Bluetooth_click
0x08B6      [19]    ?ICS?lstr2_BT_Routines
0x08C9       [5]    ?ICS?lstr5_BT_Routines
0x08CE       [5]    ?ICS?lstr4_BT_Routines
0x08D3       [9]    ?ICS?lstr3_BT_Routines
//** Label List: ** 
//----------------------------------------------
  L_interrupt0
  L_interrupt1
  L_interrupt2
  L_interrupt3
  L_interrupt4
  L_interrupt5
  L_interrupt6
  L_interrupt7
  L_interrupt8
  L_interrupt9
  L_interrupt10
  L_interrupt11
  L_interrupt12
  L_interrupt13
  L_interrupt14
  L_interrupt15
  L_interrupt16
  L_interrupt17
  L_interrupt18
  L_interrupt19
  L_interrupt20
  L_interrupt21
  L_interrupt22
  L_interrupt23
  L_interrupt24
  L_interrupt25
  L_interrupt26
  L_interrupt27
  L_interrupt28
  L_interrupt29
  L_interrupt30
  L_interrupt31
  L_interrupt32
  L_interrupt33
  L_interrupt34
  L_interrupt35
  L_interrupt36
  L_interrupt37
  L_interrupt38
  L_interrupt39
  L_interrupt40
  L_interrupt41
  L_BT_Get_Response42
  L_BT_Get_Response43
  L_portD_handle44
  L_portD_handle45
  L_portD_handle46
  L_portD_handle47
  L_main48
  L_main49
  L_main50
  L_main51
  L_main52
  L_main53
  L_main54
  L_main55
  L_main56
  L_main57
  L_main58
  L_main59
  L_end_interrupt
  _interrupt
  L__interrupt61
  L_end_BT_Get_Response
  _BT_Get_Response
  L_end_portD_handle
  _portD_handle
  L_end_main
  _main
  L__main65
  L_BT_Configure0
  L_BT_Configure1
  L_BT_Configure2
  L_BT_Configure3
  L_BT_Configure4
  L_BT_Configure5
  L_BT_Configure6
  L_BT_Configure7
  L_BT_Configure8
  L_BT_Configure9
  L_BT_Configure10
  L_BT_Configure11
  L_BT_Configure12
  L_BT_Configure13
  L_BT_Configure14
  L_BT_Configure15
  L_BT_Configure16
  L_BT_Configure17
  L_BT_Configure18
  L_BT_Configure19
  L_BT_Configure20
  L_BT_Configure21
  L_BT_Configure22
  L_BT_Configure23
  L_BT_Configure24
  L_BT_Configure25
  L_BT_Configure26
  L_BT_Configure27
  L_end_BT_Configure
  _BT_Configure
  L__BT_Configure29
  L__BT_Configure30
  L__BT_Configure31
  L__BT_Configure32
  L__BT_Configure33
  L__BT_Configure34
  L__BT_Configure35
  L_memchr0
  L_memchr1
  L_memchr2
  L_memchr3
  L_memcmp4
  L_memcmp5
  L_memcmp6
  L_memcpy7
  L_memcpy8
  L_memmove9
  L_memmove10
  L_memmove11
  L_memmove12
  L_memmove13
  L_memmove14
  L_memmove15
  L_memmove16
  L_memmove17
  L_memmove18
  L_memmove19
  L_memset20
  L_memset21
  L_strcat22
  L_strcat23
  L_strcat24
  L_strcat25
  L_strchr26
  L_strchr27
  L_strchr28
  L_strchr29
  L_strcmp30
  L_strcmp31
  L_strcmp32
  L_strcmp33
  L_strcpy34
  L_strcpy35
  L_strlen36
  L_strlen37
  L_strncat38
  L_strncat39
  L_strncat40
  L_strncat41
  L_strncat42
  L_strncat43
  L_strncat44
  L_strncpy45
  L_strncpy46
  L_strncpy47
  L_strncpy48
  L_strncpy49
  L_strspn50
  L_strspn51
  L_strspn52
  L_strspn53
  L_strcspn54
  L_strcspn55
  L_strcspn56
  L_strcspn57
  L_strncmp58
  L_strncmp59
  L_strncmp60
  L_strncmp61
  L_strncmp62
  L_strpbrk63
  L_strpbrk64
  L_strpbrk65
  L_strrchr66
  L_strrchr67
  L_strrchr68
  L_strrchr69
  L_strstr70
  L_strstr71
  L_strstr72
  L_strstr73
  L_strstr74
  L_strtok75
  L_strtok76
  L_strtok77
  L_strtok78
  L_strtok79
  L__memmove80
  L__strcmp81
  L__strncat82
  L__strspn83
  L__strcspn84
  L__strncmp85
  L__strstr86
  L_end_memchr
  _memchr
  L_end_memcmp
  _memcmp
  L__memcmp89
  L_end_memcpy
  _memcpy
  L_end_memmove
  _memmove
  L__memmove92
  L__memmove93
  L_end_memset
  _memset
  L_end_strcat
  _strcat
  L_end_strchr
  _strchr
  L_end_strcmp
  _strcmp
  L_end_strcpy
  _strcpy
  L_end_strlen
  _strlen
  L_end_strncat
  _strncat
  L__strncat101
  L_end_strncpy
  _strncpy
  L_end_strspn
  _strspn
  L__strspn104
  L_end_strcspn
  _strcspn
  L__strcspn106
  L_end_strncmp
  _strncmp
  L_end_strpbrk
  _strpbrk
  L_end_strrchr
  _strrchr
  L__strrchr110
  L_end_strstr
  _strstr
  L__strstr112
  L__strstr113
  L_end_strtok
  _strtok
  L__strtok115
  L_Delay_1us0
  L_Delay_10us1
  L_Delay_22us2
  L_Delay_50us3
  L_Delay_80us4
  L_Delay_500us5
  L_Delay_5500us6
  L_Delay_1ms7
  L_Delay_5ms8
  L_Delay_8ms9
  L_Delay_100ms10
  L_Delay_10ms11
  L_Delay_1sec12
  L____Boot_Delay4k13
  L____Boot_Delay8k14
  L____Boot_Delay12k15
  L____Boot_Delay16k16
  L____Boot_Delay24k17
  L____Boot_Delay32k18
  L____Boot_Delay48k19
  L____Boot_Delay64k20
  L____Boot_Delay128k21
  L_Delay_Cyc22
  L_Delay_Cyc23
  L_VDelay_ms24
  L_VDelay_ms25
  L_VDelay_ms26
  L_VDelay_Advanced_ms27
  L_VDelay_Advanced_ms28
  L_VDelay_Advanced_ms29
  L_end_Get_Fosc_kHz
  _Get_Fosc_kHz
  L_end_Delay_1us
  _Delay_1us
  L_end_Delay_10us
  _Delay_10us
  L_end_Delay_22us
  _Delay_22us
  L_end_Delay_50us
  _Delay_50us
  L_end_Delay_80us
  _Delay_80us
  L_end_Delay_500us
  _Delay_500us
  L_end_Delay_5500us
  _Delay_5500us
  L_end_Delay_1ms
  _Delay_1ms
  L_end_Delay_5ms
  _Delay_5ms
  L_end_Delay_8ms
  _Delay_8ms
  L_end_Delay_100ms
  _Delay_100ms
  L_end_Delay_10ms
  _Delay_10ms
  L_end_Delay_1sec
  _Delay_1sec
  L_end____Boot_Delay4k
  ____Boot_Delay4k
  L_end____Boot_Delay8k
  ____Boot_Delay8k
  L_end____Boot_Delay12k
  ____Boot_Delay12k
  L_end____Boot_Delay16k
  ____Boot_Delay16k
  L_end____Boot_Delay24k
  ____Boot_Delay24k
  L_end____Boot_Delay32k
  ____Boot_Delay32k
  L_end____Boot_Delay48k
  ____Boot_Delay48k
  L_end____Boot_Delay64k
  ____Boot_Delay64k
  L_end____Boot_Delay128k
  ____Boot_Delay128k
  L_end_Delay_Cyc
  _Delay_Cyc
  L_end_VDelay_ms
  _VDelay_ms
  L__VDelay_ms55
  L__VDelay_ms56
  L__VDelay_ms57
  L_end_VDelay_Advanced_ms
  _VDelay_Advanced_ms
  L__VDelay_Advanced_ms59
  L__VDelay_Advanced_ms60
  L__VDelay_Advanced_ms61
  L_Lcd_Cmd0
  L_Lcd_Cmd1
  L_Lcd_Out_CP2
  L_Lcd_Out_CP3
  L_Lcd_Chr4
  L_Lcd_Chr5
  L_Lcd_Chr6
  L_Lcd_Chr7
  L_Lcd_Chr8
  L_Lcd_Chr9
  L_Lcd_Chr10
  L_Lcd_Out11
  L_Lcd_Out12
  L_Lcd_Out13
  L_Lcd_Out14
  L_Lcd_Out15
  L_Lcd_Out16
  L_Lcd_Out17
  L_Lcd_Out18
  L_Lcd_Out19
  L_end_Lcd_Cmd
  _Lcd_Cmd
  L__Lcd_Cmd21
  L__Lcd_Cmd22
  L__Lcd_Cmd23
  L__Lcd_Cmd24
  L__Lcd_Cmd25
  L__Lcd_Cmd26
  L__Lcd_Cmd27
  L__Lcd_Cmd28
  L__Lcd_Cmd29
  L__Lcd_Cmd30
  L__Lcd_Cmd31
  L__Lcd_Cmd32
  L__Lcd_Cmd33
  L__Lcd_Cmd34
  L__Lcd_Cmd35
  L__Lcd_Cmd36
  L__Lcd_Cmd37
  L__Lcd_Cmd38
  L__Lcd_Cmd39
  L__Lcd_Cmd40
  L_end_Lcd_Chr_CP
  _Lcd_Chr_CP
  L_end_Lcd_Out_CP
  _Lcd_Out_CP
  L_end_Lcd_Chr
  _Lcd_Chr
  L_end_Lcd_Init
  _Lcd_Init
  L_end_Lcd_Out
  _Lcd_Out
  _CC2D_Loop1
  _CC2DL_Loop1
  L_loopCA2AWs
  L_loopCCA2AWs
  L_loopCS2Ss
  L_CS2Send
  L_loopCCS2Ss
  L_CCS2Send
  L_loopFZinSWs
  L_longjmp7
  L_end___CC2D
  ___CC2D
  L_end___CC2DW
  ___CC2DW
  L_end___CA2AW
  ___CA2AW
  L_end___CCA2AW
  ___CCA2AW
  L_end___CS2S
  ___CS2S
  L_end___CCS2S
  ___CCS2S
  L_end___FZinS
  ___FZinS
  L_end_____DoIFC
  _____DoIFC
  L_end_Swap
  _Swap
  L_end_setjmp
  _setjmp
  L_end_longjmp
  _longjmp
  L_UART1_Init0
  L_UART1_Init1
  L_UART1_Read2
  L_UART1_Write3
  L_UART1_Write4
  L_UART1_Write_Text5
  L_UART1_Write_Text6
  L_UART1_Read_Text7
  L_UART1_Read_Text8
  L_UART1_Read_Text9
  L_UART1_Read_Text10
  L_UART1_Read_Text11
  L_UART1_Read_Text12
  L_UART1_Read_Text13
  L_UART1_Read_Text14
  L_UART1_Read_Text15
  L_UART2_Init16
  L_UART2_Init17
  L_UART2_Read18
  L_UART2_Write19
  L_UART2_Write20
  L_UART2_Write_Text21
  L_UART2_Write_Text22
  L_UART2_Read_Text23
  L_UART2_Read_Text24
  L_UART2_Read_Text25
  L_UART2_Read_Text26
  L_UART2_Read_Text27
  L_UART2_Read_Text28
  L_UART2_Read_Text29
  L_UART2_Read_Text30
  L_UART2_Read_Text31
  L_UART_Write_Text32
  L_UART_Write_Text33
  L_UART_Read_Text34
  L_UART_Read_Text35
  L_UART_Read_Text36
  L_UART_Read_Text37
  L_UART_Read_Text38
  L_UART_Read_Text39
  L_UART_Read_Text40
  L_UART_Read_Text41
  L_UART_Read_Text42
  L_end_UART1_Init
  _UART1_Init
  L_end_UART1_Data_Ready
  _UART1_Data_Ready
  L_end_UART1_Read
  _UART1_Read
  L_end_UART1_Tx_Idle
  _UART1_Tx_Idle
  L_end_UART1_Write
  _UART1_Write
  L_end_UART1_Write_Text
  _UART1_Write_Text
  L_end_UART1_Read_Text
  _UART1_Read_Text
  L_end_UART2_Init
  _UART2_Init
  L_end_UART2_Data_Ready
  _UART2_Data_Ready
  L_end_UART2_Read
  _UART2_Read
  L_end_UART2_Tx_Idle
  _UART2_Tx_Idle
  L_end_UART2_Write
  _UART2_Write
  L_end_UART2_Write_Text
  _UART2_Write_Text
  L_end_UART2_Read_Text
  _UART2_Read_Text
  L_end_UART_Set_Active
  _UART_Set_Active
  L_end_UART_Write
  _UART_Write
  L_end_UART_Write_Text
  _UART_Write_Text
  L_end_UART_Read
  _UART_Read
  L_end_UART_Data_Ready
  _UART_Data_Ready
  L_end_UART_Read_Text
  _UART_Read_Text
  L_end_UART_Tx_Idle
  _UART_Tx_Idle
  L_interrupt0
  L_interrupt1
  L_interrupt2
  L_interrupt3
  L_interrupt4
  L_interrupt5
  L_interrupt6
  L_interrupt7
  L_interrupt8
  L_interrupt9
  L_interrupt10
  L_interrupt11
  L_interrupt12
  L_interrupt13
  L_interrupt14
  L_interrupt15
  L_interrupt16
  L_interrupt17
  L_interrupt18
  L_interrupt19
  L_interrupt20
  L_interrupt21
  L_interrupt22
  L_interrupt23
  L_interrupt24
  L_interrupt25
  L_interrupt26
  L_interrupt27
  L_interrupt28
  L_interrupt29
  L_interrupt30
  L_interrupt31
  L_interrupt32
  L_interrupt33
  L_interrupt34
  L_interrupt35
  L_interrupt36
  L_interrupt37
  L_interrupt38
  L_interrupt39
  L_interrupt40
  L_interrupt41
  L_BT_Get_Response42
  L_BT_Get_Response43
  L_portD_handle44
  L_portD_handle45
  L_portD_handle46
  L_portD_handle47
  L_main48
  L_main49
  L_main50
  L_main51
  L_main52
  L_main53
  L_main54
  L_main55
  L_main56
  L_main57
  L_main58
  L_main59
  L_end_interrupt
  _interrupt
  L__interrupt61
  L_end_BT_Get_Response
  _BT_Get_Response
  L_end_portD_handle
  _portD_handle
  L_end_main
  _main
  L__main65
  L_UART1_Init0
  L_UART1_Init1
  L_UART1_Read2
  L_UART1_Write3
  L_UART1_Write4
  L_UART1_Write_Text5
  L_UART1_Write_Text6
  L_UART1_Read_Text7
  L_UART1_Read_Text8
  L_UART1_Read_Text9
  L_UART1_Read_Text10
  L_UART1_Read_Text11
  L_UART1_Read_Text12
  L_UART1_Read_Text13
  L_UART1_Read_Text14
  L_UART1_Read_Text15
  L_UART2_Init16
  L_UART2_Init17
  L_UART2_Read18
  L_UART2_Write19
  L_UART2_Write20
  L_UART2_Write_Text21
  L_UART2_Write_Text22
  L_UART2_Read_Text23
  L_UART2_Read_Text24
  L_UART2_Read_Text25
  L_UART2_Read_Text26
  L_UART2_Read_Text27
  L_UART2_Read_Text28
  L_UART2_Read_Text29
  L_UART2_Read_Text30
  L_UART2_Read_Text31
  L_UART_Write_Text32
  L_UART_Write_Text33
  L_UART_Read_Text34
  L_UART_Read_Text35
  L_UART_Read_Text36
  L_UART_Read_Text37
  L_UART_Read_Text38
  L_UART_Read_Text39
  L_UART_Read_Text40
  L_UART_Read_Text41
  L_UART_Read_Text42
  L_end_UART1_Init
  _UART1_Init
  L_end_UART1_Data_Ready
  _UART1_Data_Ready
  L_end_UART1_Read
  _UART1_Read
  L_end_UART1_Tx_Idle
  _UART1_Tx_Idle
  L_end_UART1_Write
  _UART1_Write
  L_end_UART1_Write_Text
  _UART1_Write_Text
  L_end_UART1_Read_Text
  _UART1_Read_Text
  L_end_UART2_Init
  _UART2_Init
  L_end_UART2_Data_Ready
  _UART2_Data_Ready
  L_end_UART2_Read
  _UART2_Read
  L_end_UART2_Tx_Idle
  _UART2_Tx_Idle
  L_end_UART2_Write
  _UART2_Write
  L_end_UART2_Write_Text
  _UART2_Write_Text
  L_end_UART2_Read_Text
  _UART2_Read_Text
  L_end_UART_Set_Active
  _UART_Set_Active
  L_end_UART_Write
  _UART_Write
  L_end_UART_Write_Text
  _UART_Write_Text
  L_end_UART_Read
  _UART_Read
  L_end_UART_Data_Ready
  _UART_Data_Ready
  L_end_UART_Read_Text
  _UART_Read_Text
  L_end_UART_Tx_Idle
  _UART_Tx_Idle
